{"/Users/matt/Documents/projects/mongodb/compass-query-history-new/src/components/card/index.js":{"path":"/Users/matt/Documents/projects/mongodb/compass-query-history-new/src/components/card/index.js","statementMap":{"0":{"start":{"line":3,"column":0},"end":{"line":5,"column":3}},"1":{"start":{"line":6,"column":0},"end":{"line":6,"column":65}},"2":{"start":{"line":8,"column":12},"end":{"line":8,"column":29}},"3":{"start":{"line":10,"column":13},"end":{"line":10,"column":42}},"4":{"start":{"line":12,"column":18},"end":{"line":12,"column":41}},"5":{"start":{"line":14,"column":19},"end":{"line":14,"column":54}},"6":{"start":{"line":16,"column":16},"end":{"line":16,"column":37}},"7":{"start":{"line":18,"column":17},"end":{"line":18,"column":50}},"8":{"start":{"line":20,"column":39},"end":{"line":20,"column":93}},"9":{"start":{"line":22,"column":15},"end":{"line":22,"column":29}},"10":{"start":{"line":23,"column":16},"end":{"line":23,"column":24}},"11":{"start":{"line":24,"column":0},"end":{"line":24,"column":28}},"12":{"start":{"line":25,"column":0},"end":{"line":25,"column":30}},"13":{"start":{"line":26,"column":0},"end":{"line":26,"column":42}},"14":{"start":{"line":27,"column":0},"end":{"line":27,"column":38}},"15":{"start":{"line":30,"column":12},"end":{"line":38,"column":3}},"16":{"start":{"line":31,"column":2},"end":{"line":33,"column":3}},"17":{"start":{"line":32,"column":4},"end":{"line":32,"column":11}},"18":{"start":{"line":35,"column":2},"end":{"line":35,"column":150}},"19":{"start":{"line":37,"column":2},"end":{"line":37,"column":151}},"20":{"start":{"line":43,"column":13},"end":{"line":47,"column":3}},"21":{"start":{"line":44,"column":2},"end":{"line":46,"column":3}},"22":{"start":{"line":45,"column":4},"end":{"line":45,"column":11}}},"fnMap":{"0":{"name":"_interopRequireDefault","decl":{"start":{"line":20,"column":9},"end":{"line":20,"column":31}},"loc":{"start":{"line":20,"column":37},"end":{"line":20,"column":95}},"line":20},"1":{"name":"(anonymous_1)","decl":{"start":{"line":30,"column":12},"end":{"line":30,"column":13}},"loc":{"start":{"line":30,"column":24},"end":{"line":38,"column":1}},"line":30},"2":{"name":"(anonymous_2)","decl":{"start":{"line":43,"column":13},"end":{"line":43,"column":14}},"loc":{"start":{"line":43,"column":25},"end":{"line":47,"column":1}},"line":43}},"branchMap":{"0":{"loc":{"start":{"line":20,"column":46},"end":{"line":20,"column":92}},"type":"cond-expr","locations":[{"start":{"line":20,"column":70},"end":{"line":20,"column":73}},{"start":{"line":20,"column":76},"end":{"line":20,"column":92}}],"line":20},"1":{"loc":{"start":{"line":20,"column":46},"end":{"line":20,"column":67}},"type":"binary-expr","locations":[{"start":{"line":20,"column":46},"end":{"line":20,"column":49}},{"start":{"line":20,"column":53},"end":{"line":20,"column":67}}],"line":20},"2":{"loc":{"start":{"line":31,"column":2},"end":{"line":33,"column":3}},"type":"if","locations":[{"start":{"line":31,"column":2},"end":{"line":33,"column":3}},{"start":{"line":31,"column":2},"end":{"line":33,"column":3}}],"line":31},"3":{"loc":{"start":{"line":44,"column":2},"end":{"line":46,"column":3}},"type":"if","locations":[{"start":{"line":44,"column":2},"end":{"line":46,"column":3}},{"start":{"line":44,"column":2},"end":{"line":46,"column":3}}],"line":44}},"s":{"0":1,"1":1,"2":1,"3":1,"4":1,"5":1,"6":1,"7":1,"8":3,"9":1,"10":1,"11":1,"12":1,"13":1,"14":1,"15":1,"16":1,"17":1,"18":0,"19":0,"20":1,"21":1,"22":1},"f":{"0":3,"1":1,"2":1},"b":{"0":[3,0],"1":[3,3],"2":[1,0],"3":[1,0]},"inputSourceMap":null,"_coverageSchema":"332fd63041d2c1bcb487cc26dd0d5f7d97098a6c","hash":"8d4f4ccd8807a7b010c9481e12742b83378e340f"},"/Users/matt/Documents/projects/mongodb/compass-query-history-new/src/components/card/Card.jsx":{"path":"/Users/matt/Documents/projects/mongodb/compass-query-history-new/src/components/card/Card.jsx","statementMap":{"0":{"start":{"line":3,"column":0},"end":{"line":5,"column":3}},"1":{"start":{"line":6,"column":0},"end":{"line":6,"column":25}},"2":{"start":{"line":8,"column":15},"end":{"line":8,"column":256}},"3":{"start":{"line":8,"column":52},"end":{"line":8,"column":239}},"4":{"start":{"line":8,"column":110},"end":{"line":8,"column":122}},"5":{"start":{"line":8,"column":124},"end":{"line":8,"column":237}},"6":{"start":{"line":8,"column":150},"end":{"line":8,"column":235}},"7":{"start":{"line":8,"column":207},"end":{"line":8,"column":233}},"8":{"start":{"line":8,"column":240},"end":{"line":8,"column":254}},"9":{"start":{"line":10,"column":13},"end":{"line":10,"column":29}},"10":{"start":{"line":12,"column":14},"end":{"line":12,"column":44}},"11":{"start":{"line":14,"column":18},"end":{"line":14,"column":39}},"12":{"start":{"line":16,"column":19},"end":{"line":16,"column":54}},"13":{"start":{"line":18,"column":12},"end":{"line":18,"column":34}},"14":{"start":{"line":20,"column":13},"end":{"line":20,"column":42}},"15":{"start":{"line":22,"column":39},"end":{"line":22,"column":93}},"16":{"start":{"line":24,"column":60},"end":{"line":24,"column":62}},"17":{"start":{"line":24,"column":64},"end":{"line":24,"column":203}},"18":{"start":{"line":24,"column":85},"end":{"line":24,"column":120}},"19":{"start":{"line":24,"column":111},"end":{"line":24,"column":120}},"20":{"start":{"line":24,"column":121},"end":{"line":24,"column":181}},"21":{"start":{"line":24,"column":172},"end":{"line":24,"column":181}},"22":{"start":{"line":24,"column":182},"end":{"line":24,"column":201}},"23":{"start":{"line":24,"column":204},"end":{"line":24,"column":218}},"24":{"start":{"line":26,"column":11},"end":{"line":38,"column":1}},"25":{"start":{"line":27,"column":17},"end":{"line":27,"column":30}},"26":{"start":{"line":28,"column":18},"end":{"line":28,"column":32}},"27":{"start":{"line":29,"column":14},"end":{"line":29,"column":71}},"28":{"start":{"line":31,"column":19},"end":{"line":31,"column":81}},"29":{"start":{"line":33,"column":2},"end":{"line":37,"column":4}},"30":{"start":{"line":40,"column":0},"end":{"line":43,"column":2}},"31":{"start":{"line":45,"column":0},"end":{"line":47,"column":2}},"32":{"start":{"line":49,"column":15},"end":{"line":49,"column":19}},"33":{"start":{"line":50,"column":16},"end":{"line":50,"column":24}},"34":{"start":{"line":51,"column":0},"end":{"line":51,"column":28}},"35":{"start":{"line":52,"column":0},"end":{"line":52,"column":20}},"36":{"start":{"line":55,"column":12},"end":{"line":65,"column":3}},"37":{"start":{"line":56,"column":2},"end":{"line":58,"column":3}},"38":{"start":{"line":57,"column":4},"end":{"line":57,"column":11}},"39":{"start":{"line":60,"column":2},"end":{"line":60,"column":143}},"40":{"start":{"line":62,"column":2},"end":{"line":62,"column":150}},"41":{"start":{"line":64,"column":2},"end":{"line":64,"column":151}},"42":{"start":{"line":70,"column":13},"end":{"line":74,"column":3}},"43":{"start":{"line":71,"column":2},"end":{"line":73,"column":3}},"44":{"start":{"line":72,"column":4},"end":{"line":72,"column":11}}},"fnMap":{"0":{"name":"(anonymous_0)","decl":{"start":{"line":8,"column":32},"end":{"line":8,"column":33}},"loc":{"start":{"line":8,"column":50},"end":{"line":8,"column":256}},"line":8},"1":{"name":"_interopRequireDefault","decl":{"start":{"line":22,"column":9},"end":{"line":22,"column":31}},"loc":{"start":{"line":22,"column":37},"end":{"line":22,"column":95}},"line":22},"2":{"name":"_objectWithoutProperties","decl":{"start":{"line":24,"column":9},"end":{"line":24,"column":33}},"loc":{"start":{"line":24,"column":45},"end":{"line":24,"column":220}},"line":24},"3":{"name":"Card","decl":{"start":{"line":26,"column":20},"end":{"line":26,"column":24}},"loc":{"start":{"line":26,"column":31},"end":{"line":38,"column":1}},"line":26},"4":{"name":"(anonymous_4)","decl":{"start":{"line":55,"column":12},"end":{"line":55,"column":13}},"loc":{"start":{"line":55,"column":24},"end":{"line":65,"column":1}},"line":55},"5":{"name":"(anonymous_5)","decl":{"start":{"line":70,"column":13},"end":{"line":70,"column":14}},"loc":{"start":{"line":70,"column":25},"end":{"line":74,"column":1}},"line":70}},"branchMap":{"0":{"loc":{"start":{"line":8,"column":15},"end":{"line":8,"column":256}},"type":"binary-expr","locations":[{"start":{"line":8,"column":15},"end":{"line":8,"column":28}},{"start":{"line":8,"column":32},"end":{"line":8,"column":256}}],"line":8},"1":{"loc":{"start":{"line":8,"column":150},"end":{"line":8,"column":235}},"type":"if","locations":[{"start":{"line":8,"column":150},"end":{"line":8,"column":235}},{"start":{"line":8,"column":150},"end":{"line":8,"column":235}}],"line":8},"2":{"loc":{"start":{"line":22,"column":46},"end":{"line":22,"column":92}},"type":"cond-expr","locations":[{"start":{"line":22,"column":70},"end":{"line":22,"column":73}},{"start":{"line":22,"column":76},"end":{"line":22,"column":92}}],"line":22},"3":{"loc":{"start":{"line":22,"column":46},"end":{"line":22,"column":67}},"type":"binary-expr","locations":[{"start":{"line":22,"column":46},"end":{"line":22,"column":49}},{"start":{"line":22,"column":53},"end":{"line":22,"column":67}}],"line":22},"4":{"loc":{"start":{"line":24,"column":85},"end":{"line":24,"column":120}},"type":"if","locations":[{"start":{"line":24,"column":85},"end":{"line":24,"column":120}},{"start":{"line":24,"column":85},"end":{"line":24,"column":120}}],"line":24},"5":{"loc":{"start":{"line":24,"column":121},"end":{"line":24,"column":181}},"type":"if","locations":[{"start":{"line":24,"column":121},"end":{"line":24,"column":181}},{"start":{"line":24,"column":121},"end":{"line":24,"column":181}}],"line":24},"6":{"loc":{"start":{"line":56,"column":2},"end":{"line":58,"column":3}},"type":"if","locations":[{"start":{"line":56,"column":2},"end":{"line":58,"column":3}},{"start":{"line":56,"column":2},"end":{"line":58,"column":3}}],"line":56},"7":{"loc":{"start":{"line":71,"column":2},"end":{"line":73,"column":3}},"type":"if","locations":[{"start":{"line":71,"column":2},"end":{"line":73,"column":3}},{"start":{"line":71,"column":2},"end":{"line":73,"column":3}}],"line":71}},"s":{"0":1,"1":1,"2":1,"3":0,"4":0,"5":0,"6":0,"7":0,"8":0,"9":1,"10":1,"11":1,"12":1,"13":1,"14":1,"15":3,"16":6,"17":6,"18":14,"19":12,"20":2,"21":0,"22":2,"23":6,"24":1,"25":6,"26":6,"27":6,"28":6,"29":6,"30":1,"31":1,"32":1,"33":1,"34":1,"35":1,"36":1,"37":1,"38":1,"39":0,"40":0,"41":0,"42":1,"43":1,"44":1},"f":{"0":0,"1":3,"2":6,"3":6,"4":1,"5":1},"b":{"0":[1,0],"1":[0,0],"2":[0,3],"3":[3,3],"4":[12,2],"5":[0,2],"6":[1,0],"7":[1,0]},"inputSourceMap":null,"_coverageSchema":"332fd63041d2c1bcb487cc26dd0d5f7d97098a6c","hash":"da61967b5de4929a874ea713aeec94091bf45ef3"},"/Users/matt/Documents/projects/mongodb/compass-query-history-new/src/components/card/CardHeader.jsx":{"path":"/Users/matt/Documents/projects/mongodb/compass-query-history-new/src/components/card/CardHeader.jsx","statementMap":{"0":{"start":{"line":3,"column":0},"end":{"line":5,"column":3}},"1":{"start":{"line":6,"column":0},"end":{"line":6,"column":31}},"2":{"start":{"line":8,"column":15},"end":{"line":8,"column":256}},"3":{"start":{"line":8,"column":52},"end":{"line":8,"column":239}},"4":{"start":{"line":8,"column":110},"end":{"line":8,"column":122}},"5":{"start":{"line":8,"column":124},"end":{"line":8,"column":237}},"6":{"start":{"line":8,"column":150},"end":{"line":8,"column":235}},"7":{"start":{"line":8,"column":207},"end":{"line":8,"column":233}},"8":{"start":{"line":8,"column":240},"end":{"line":8,"column":254}},"9":{"start":{"line":10,"column":13},"end":{"line":10,"column":29}},"10":{"start":{"line":12,"column":14},"end":{"line":12,"column":44}},"11":{"start":{"line":14,"column":19},"end":{"line":14,"column":40}},"12":{"start":{"line":16,"column":19},"end":{"line":16,"column":55}},"13":{"start":{"line":18,"column":12},"end":{"line":18,"column":34}},"14":{"start":{"line":20,"column":13},"end":{"line":20,"column":42}},"15":{"start":{"line":22,"column":39},"end":{"line":22,"column":93}},"16":{"start":{"line":24,"column":44},"end":{"line":24,"column":195}},"17":{"start":{"line":24,"column":62},"end":{"line":24,"column":166}},"18":{"start":{"line":24,"column":176},"end":{"line":24,"column":193}},"19":{"start":{"line":24,"column":196},"end":{"line":24,"column":207}},"20":{"start":{"line":26,"column":60},"end":{"line":26,"column":62}},"21":{"start":{"line":26,"column":64},"end":{"line":26,"column":203}},"22":{"start":{"line":26,"column":85},"end":{"line":26,"column":120}},"23":{"start":{"line":26,"column":111},"end":{"line":26,"column":120}},"24":{"start":{"line":26,"column":121},"end":{"line":26,"column":181}},"25":{"start":{"line":26,"column":172},"end":{"line":26,"column":181}},"26":{"start":{"line":26,"column":182},"end":{"line":26,"column":201}},"27":{"start":{"line":26,"column":204},"end":{"line":26,"column":218}},"28":{"start":{"line":28,"column":17},"end":{"line":69,"column":1}},"29":{"start":{"line":29,"column":17},"end":{"line":29,"column":30}},"30":{"start":{"line":30,"column":14},"end":{"line":30,"column":24}},"31":{"start":{"line":31,"column":18},"end":{"line":31,"column":32}},"32":{"start":{"line":32,"column":23},"end":{"line":32,"column":42}},"33":{"start":{"line":33,"column":14},"end":{"line":33,"column":98}},"34":{"start":{"line":35,"column":19},"end":{"line":35,"column":91}},"35":{"start":{"line":37,"column":30},"end":{"line":37,"column":97}},"36":{"start":{"line":39,"column":24},"end":{"line":39,"column":91}},"37":{"start":{"line":41,"column":26},"end":{"line":41,"column":162}},"38":{"start":{"line":43,"column":20},"end":{"line":57,"column":3}},"39":{"start":{"line":44,"column":4},"end":{"line":56,"column":7}},"40":{"start":{"line":47,"column":6},"end":{"line":55,"column":8}},"41":{"start":{"line":59,"column":2},"end":{"line":68,"column":4}},"42":{"start":{"line":71,"column":0},"end":{"line":76,"column":2}},"43":{"start":{"line":78,"column":0},"end":{"line":82,"column":2}},"44":{"start":{"line":84,"column":15},"end":{"line":84,"column":25}},"45":{"start":{"line":85,"column":16},"end":{"line":85,"column":24}},"46":{"start":{"line":86,"column":0},"end":{"line":86,"column":28}},"47":{"start":{"line":87,"column":0},"end":{"line":87,"column":32}},"48":{"start":{"line":90,"column":12},"end":{"line":100,"column":3}},"49":{"start":{"line":91,"column":2},"end":{"line":93,"column":3}},"50":{"start":{"line":92,"column":4},"end":{"line":92,"column":11}},"51":{"start":{"line":95,"column":2},"end":{"line":95,"column":161}},"52":{"start":{"line":97,"column":2},"end":{"line":97,"column":156}},"53":{"start":{"line":99,"column":2},"end":{"line":99,"column":157}},"54":{"start":{"line":105,"column":13},"end":{"line":109,"column":3}},"55":{"start":{"line":106,"column":2},"end":{"line":108,"column":3}},"56":{"start":{"line":107,"column":4},"end":{"line":107,"column":11}}},"fnMap":{"0":{"name":"(anonymous_0)","decl":{"start":{"line":8,"column":32},"end":{"line":8,"column":33}},"loc":{"start":{"line":8,"column":50},"end":{"line":8,"column":256}},"line":8},"1":{"name":"_interopRequireDefault","decl":{"start":{"line":22,"column":9},"end":{"line":22,"column":31}},"loc":{"start":{"line":22,"column":37},"end":{"line":22,"column":95}},"line":22},"2":{"name":"_defineProperty","decl":{"start":{"line":24,"column":9},"end":{"line":24,"column":24}},"loc":{"start":{"line":24,"column":42},"end":{"line":24,"column":209}},"line":24},"3":{"name":"_objectWithoutProperties","decl":{"start":{"line":26,"column":9},"end":{"line":26,"column":33}},"loc":{"start":{"line":26,"column":45},"end":{"line":26,"column":220}},"line":26},"4":{"name":"CardHeader","decl":{"start":{"line":28,"column":26},"end":{"line":28,"column":36}},"loc":{"start":{"line":28,"column":43},"end":{"line":69,"column":1}},"line":28},"5":{"name":"renderTitle","decl":{"start":{"line":43,"column":29},"end":{"line":43,"column":40}},"loc":{"start":{"line":43,"column":48},"end":{"line":57,"column":3}},"line":43},"6":{"name":"(anonymous_6)","decl":{"start":{"line":44,"column":47},"end":{"line":44,"column":48}},"loc":{"start":{"line":44,"column":64},"end":{"line":56,"column":5}},"line":44},"7":{"name":"(anonymous_7)","decl":{"start":{"line":90,"column":12},"end":{"line":90,"column":13}},"loc":{"start":{"line":90,"column":24},"end":{"line":100,"column":1}},"line":90},"8":{"name":"(anonymous_8)","decl":{"start":{"line":105,"column":13},"end":{"line":105,"column":14}},"loc":{"start":{"line":105,"column":25},"end":{"line":109,"column":1}},"line":105}},"branchMap":{"0":{"loc":{"start":{"line":8,"column":15},"end":{"line":8,"column":256}},"type":"binary-expr","locations":[{"start":{"line":8,"column":15},"end":{"line":8,"column":28}},{"start":{"line":8,"column":32},"end":{"line":8,"column":256}}],"line":8},"1":{"loc":{"start":{"line":8,"column":150},"end":{"line":8,"column":235}},"type":"if","locations":[{"start":{"line":8,"column":150},"end":{"line":8,"column":235}},{"start":{"line":8,"column":150},"end":{"line":8,"column":235}}],"line":8},"2":{"loc":{"start":{"line":22,"column":46},"end":{"line":22,"column":92}},"type":"cond-expr","locations":[{"start":{"line":22,"column":70},"end":{"line":22,"column":73}},{"start":{"line":22,"column":76},"end":{"line":22,"column":92}}],"line":22},"3":{"loc":{"start":{"line":22,"column":46},"end":{"line":22,"column":67}},"type":"binary-expr","locations":[{"start":{"line":22,"column":46},"end":{"line":22,"column":49}},{"start":{"line":22,"column":53},"end":{"line":22,"column":67}}],"line":22},"4":{"loc":{"start":{"line":24,"column":44},"end":{"line":24,"column":195}},"type":"if","locations":[{"start":{"line":24,"column":44},"end":{"line":24,"column":195}},{"start":{"line":24,"column":44},"end":{"line":24,"column":195}}],"line":24},"5":{"loc":{"start":{"line":26,"column":85},"end":{"line":26,"column":120}},"type":"if","locations":[{"start":{"line":26,"column":85},"end":{"line":26,"column":120}},{"start":{"line":26,"column":85},"end":{"line":26,"column":120}}],"line":26},"6":{"loc":{"start":{"line":26,"column":121},"end":{"line":26,"column":181}},"type":"if","locations":[{"start":{"line":26,"column":121},"end":{"line":26,"column":181}},{"start":{"line":26,"column":121},"end":{"line":26,"column":181}}],"line":26},"7":{"loc":{"start":{"line":47,"column":13},"end":{"line":55,"column":7}},"type":"cond-expr","locations":[{"start":{"line":47,"column":40},"end":{"line":51,"column":7}},{"start":{"line":51,"column":10},"end":{"line":55,"column":7}}],"line":47},"8":{"loc":{"start":{"line":62,"column":4},"end":{"line":62,"column":37}},"type":"cond-expr","locations":[{"start":{"line":62,"column":12},"end":{"line":62,"column":30}},{"start":{"line":62,"column":33},"end":{"line":62,"column":37}}],"line":62},"9":{"loc":{"start":{"line":63,"column":4},"end":{"line":67,"column":12}},"type":"cond-expr","locations":[{"start":{"line":63,"column":15},"end":{"line":67,"column":5}},{"start":{"line":67,"column":8},"end":{"line":67,"column":12}}],"line":63},"10":{"loc":{"start":{"line":91,"column":2},"end":{"line":93,"column":3}},"type":"if","locations":[{"start":{"line":91,"column":2},"end":{"line":93,"column":3}},{"start":{"line":91,"column":2},"end":{"line":93,"column":3}}],"line":91},"11":{"loc":{"start":{"line":106,"column":2},"end":{"line":108,"column":3}},"type":"if","locations":[{"start":{"line":106,"column":2},"end":{"line":108,"column":3}},{"start":{"line":106,"column":2},"end":{"line":108,"column":3}}],"line":106}},"s":{"0":1,"1":1,"2":1,"3":0,"4":0,"5":0,"6":0,"7":0,"8":0,"9":1,"10":1,"11":1,"12":1,"13":1,"14":1,"15":3,"16":9,"17":0,"18":9,"19":9,"20":9,"21":9,"22":38,"23":36,"24":2,"25":0,"26":2,"27":9,"28":1,"29":9,"30":9,"31":9,"32":9,"33":9,"34":9,"35":9,"36":9,"37":9,"38":9,"39":9,"40":9,"41":9,"42":1,"43":1,"44":1,"45":1,"46":1,"47":1,"48":1,"49":1,"50":1,"51":0,"52":0,"53":0,"54":1,"55":1,"56":1},"f":{"0":0,"1":3,"2":9,"3":9,"4":9,"5":9,"6":9,"7":1,"8":1},"b":{"0":[1,0],"1":[0,0],"2":[0,3],"3":[3,3],"4":[0,9],"5":[36,2],"6":[0,2],"7":[7,2],"8":[9,0],"9":[9,0],"10":[1,0],"11":[1,0]},"inputSourceMap":null,"_coverageSchema":"332fd63041d2c1bcb487cc26dd0d5f7d97098a6c","hash":"81880466d8530276d667b289cca544054a132f34"},"/Users/matt/Documents/projects/mongodb/compass-query-history-new/src/components/card/CardBody.jsx":{"path":"/Users/matt/Documents/projects/mongodb/compass-query-history-new/src/components/card/CardBody.jsx","statementMap":{"0":{"start":{"line":3,"column":0},"end":{"line":5,"column":3}},"1":{"start":{"line":6,"column":0},"end":{"line":6,"column":29}},"2":{"start":{"line":8,"column":15},"end":{"line":8,"column":256}},"3":{"start":{"line":8,"column":52},"end":{"line":8,"column":239}},"4":{"start":{"line":8,"column":110},"end":{"line":8,"column":122}},"5":{"start":{"line":8,"column":124},"end":{"line":8,"column":237}},"6":{"start":{"line":8,"column":150},"end":{"line":8,"column":235}},"7":{"start":{"line":8,"column":207},"end":{"line":8,"column":233}},"8":{"start":{"line":8,"column":240},"end":{"line":8,"column":254}},"9":{"start":{"line":10,"column":13},"end":{"line":10,"column":29}},"10":{"start":{"line":12,"column":14},"end":{"line":12,"column":44}},"11":{"start":{"line":14,"column":18},"end":{"line":14,"column":39}},"12":{"start":{"line":16,"column":19},"end":{"line":16,"column":54}},"13":{"start":{"line":18,"column":12},"end":{"line":18,"column":34}},"14":{"start":{"line":20,"column":13},"end":{"line":20,"column":42}},"15":{"start":{"line":22,"column":39},"end":{"line":22,"column":93}},"16":{"start":{"line":24,"column":60},"end":{"line":24,"column":62}},"17":{"start":{"line":24,"column":64},"end":{"line":24,"column":203}},"18":{"start":{"line":24,"column":85},"end":{"line":24,"column":120}},"19":{"start":{"line":24,"column":111},"end":{"line":24,"column":120}},"20":{"start":{"line":24,"column":121},"end":{"line":24,"column":181}},"21":{"start":{"line":24,"column":172},"end":{"line":24,"column":181}},"22":{"start":{"line":24,"column":182},"end":{"line":24,"column":201}},"23":{"start":{"line":24,"column":204},"end":{"line":24,"column":218}},"24":{"start":{"line":26,"column":15},"end":{"line":38,"column":1}},"25":{"start":{"line":27,"column":17},"end":{"line":27,"column":30}},"26":{"start":{"line":28,"column":18},"end":{"line":28,"column":32}},"27":{"start":{"line":29,"column":14},"end":{"line":29,"column":71}},"28":{"start":{"line":31,"column":19},"end":{"line":31,"column":89}},"29":{"start":{"line":33,"column":2},"end":{"line":37,"column":4}},"30":{"start":{"line":40,"column":0},"end":{"line":43,"column":2}},"31":{"start":{"line":45,"column":0},"end":{"line":47,"column":2}},"32":{"start":{"line":49,"column":15},"end":{"line":49,"column":23}},"33":{"start":{"line":50,"column":16},"end":{"line":50,"column":24}},"34":{"start":{"line":51,"column":0},"end":{"line":51,"column":28}},"35":{"start":{"line":52,"column":0},"end":{"line":52,"column":28}},"36":{"start":{"line":55,"column":12},"end":{"line":65,"column":3}},"37":{"start":{"line":56,"column":2},"end":{"line":58,"column":3}},"38":{"start":{"line":57,"column":4},"end":{"line":57,"column":11}},"39":{"start":{"line":60,"column":2},"end":{"line":60,"column":155}},"40":{"start":{"line":62,"column":2},"end":{"line":62,"column":154}},"41":{"start":{"line":64,"column":2},"end":{"line":64,"column":155}},"42":{"start":{"line":70,"column":13},"end":{"line":74,"column":3}},"43":{"start":{"line":71,"column":2},"end":{"line":73,"column":3}},"44":{"start":{"line":72,"column":4},"end":{"line":72,"column":11}}},"fnMap":{"0":{"name":"(anonymous_0)","decl":{"start":{"line":8,"column":32},"end":{"line":8,"column":33}},"loc":{"start":{"line":8,"column":50},"end":{"line":8,"column":256}},"line":8},"1":{"name":"_interopRequireDefault","decl":{"start":{"line":22,"column":9},"end":{"line":22,"column":31}},"loc":{"start":{"line":22,"column":37},"end":{"line":22,"column":95}},"line":22},"2":{"name":"_objectWithoutProperties","decl":{"start":{"line":24,"column":9},"end":{"line":24,"column":33}},"loc":{"start":{"line":24,"column":45},"end":{"line":24,"column":220}},"line":24},"3":{"name":"CardBody","decl":{"start":{"line":26,"column":24},"end":{"line":26,"column":32}},"loc":{"start":{"line":26,"column":39},"end":{"line":38,"column":1}},"line":26},"4":{"name":"(anonymous_4)","decl":{"start":{"line":55,"column":12},"end":{"line":55,"column":13}},"loc":{"start":{"line":55,"column":24},"end":{"line":65,"column":1}},"line":55},"5":{"name":"(anonymous_5)","decl":{"start":{"line":70,"column":13},"end":{"line":70,"column":14}},"loc":{"start":{"line":70,"column":25},"end":{"line":74,"column":1}},"line":70}},"branchMap":{"0":{"loc":{"start":{"line":8,"column":15},"end":{"line":8,"column":256}},"type":"binary-expr","locations":[{"start":{"line":8,"column":15},"end":{"line":8,"column":28}},{"start":{"line":8,"column":32},"end":{"line":8,"column":256}}],"line":8},"1":{"loc":{"start":{"line":8,"column":150},"end":{"line":8,"column":235}},"type":"if","locations":[{"start":{"line":8,"column":150},"end":{"line":8,"column":235}},{"start":{"line":8,"column":150},"end":{"line":8,"column":235}}],"line":8},"2":{"loc":{"start":{"line":22,"column":46},"end":{"line":22,"column":92}},"type":"cond-expr","locations":[{"start":{"line":22,"column":70},"end":{"line":22,"column":73}},{"start":{"line":22,"column":76},"end":{"line":22,"column":92}}],"line":22},"3":{"loc":{"start":{"line":22,"column":46},"end":{"line":22,"column":67}},"type":"binary-expr","locations":[{"start":{"line":22,"column":46},"end":{"line":22,"column":49}},{"start":{"line":22,"column":53},"end":{"line":22,"column":67}}],"line":22},"4":{"loc":{"start":{"line":24,"column":85},"end":{"line":24,"column":120}},"type":"if","locations":[{"start":{"line":24,"column":85},"end":{"line":24,"column":120}},{"start":{"line":24,"column":85},"end":{"line":24,"column":120}}],"line":24},"5":{"loc":{"start":{"line":24,"column":121},"end":{"line":24,"column":181}},"type":"if","locations":[{"start":{"line":24,"column":121},"end":{"line":24,"column":181}},{"start":{"line":24,"column":121},"end":{"line":24,"column":181}}],"line":24},"6":{"loc":{"start":{"line":56,"column":2},"end":{"line":58,"column":3}},"type":"if","locations":[{"start":{"line":56,"column":2},"end":{"line":58,"column":3}},{"start":{"line":56,"column":2},"end":{"line":58,"column":3}}],"line":56},"7":{"loc":{"start":{"line":71,"column":2},"end":{"line":73,"column":3}},"type":"if","locations":[{"start":{"line":71,"column":2},"end":{"line":73,"column":3}},{"start":{"line":71,"column":2},"end":{"line":73,"column":3}}],"line":71}},"s":{"0":1,"1":1,"2":1,"3":0,"4":0,"5":0,"6":0,"7":0,"8":0,"9":1,"10":1,"11":1,"12":1,"13":1,"14":1,"15":3,"16":6,"17":6,"18":12,"19":12,"20":0,"21":0,"22":0,"23":6,"24":1,"25":6,"26":6,"27":6,"28":6,"29":6,"30":1,"31":1,"32":1,"33":1,"34":1,"35":1,"36":1,"37":1,"38":1,"39":0,"40":0,"41":0,"42":1,"43":1,"44":1},"f":{"0":0,"1":3,"2":6,"3":6,"4":1,"5":1},"b":{"0":[1,0],"1":[0,0],"2":[0,3],"3":[3,3],"4":[12,0],"5":[0,0],"6":[1,0],"7":[1,0]},"inputSourceMap":null,"_coverageSchema":"332fd63041d2c1bcb487cc26dd0d5f7d97098a6c","hash":"72f86b2845a98ec5b8f7de3d0e61db47bd4abc4f"},"/Users/matt/Documents/projects/mongodb/compass-query-history-new/src/components/code/index.js":{"path":"/Users/matt/Documents/projects/mongodb/compass-query-history-new/src/components/code/index.js","statementMap":{"0":{"start":{"line":3,"column":0},"end":{"line":5,"column":3}},"1":{"start":{"line":6,"column":0},"end":{"line":6,"column":25}},"2":{"start":{"line":8,"column":12},"end":{"line":8,"column":29}},"3":{"start":{"line":10,"column":13},"end":{"line":10,"column":42}},"4":{"start":{"line":12,"column":39},"end":{"line":12,"column":93}},"5":{"start":{"line":14,"column":15},"end":{"line":14,"column":29}},"6":{"start":{"line":15,"column":16},"end":{"line":15,"column":24}},"7":{"start":{"line":16,"column":0},"end":{"line":16,"column":28}},"8":{"start":{"line":17,"column":0},"end":{"line":17,"column":30}},"9":{"start":{"line":20,"column":12},"end":{"line":28,"column":3}},"10":{"start":{"line":21,"column":2},"end":{"line":23,"column":3}},"11":{"start":{"line":22,"column":4},"end":{"line":22,"column":11}},"12":{"start":{"line":25,"column":2},"end":{"line":25,"column":150}},"13":{"start":{"line":27,"column":2},"end":{"line":27,"column":151}},"14":{"start":{"line":33,"column":13},"end":{"line":37,"column":3}},"15":{"start":{"line":34,"column":2},"end":{"line":36,"column":3}},"16":{"start":{"line":35,"column":4},"end":{"line":35,"column":11}}},"fnMap":{"0":{"name":"_interopRequireDefault","decl":{"start":{"line":12,"column":9},"end":{"line":12,"column":31}},"loc":{"start":{"line":12,"column":37},"end":{"line":12,"column":95}},"line":12},"1":{"name":"(anonymous_1)","decl":{"start":{"line":20,"column":12},"end":{"line":20,"column":13}},"loc":{"start":{"line":20,"column":24},"end":{"line":28,"column":1}},"line":20},"2":{"name":"(anonymous_2)","decl":{"start":{"line":33,"column":13},"end":{"line":33,"column":14}},"loc":{"start":{"line":33,"column":25},"end":{"line":37,"column":1}},"line":33}},"branchMap":{"0":{"loc":{"start":{"line":12,"column":46},"end":{"line":12,"column":92}},"type":"cond-expr","locations":[{"start":{"line":12,"column":70},"end":{"line":12,"column":73}},{"start":{"line":12,"column":76},"end":{"line":12,"column":92}}],"line":12},"1":{"loc":{"start":{"line":12,"column":46},"end":{"line":12,"column":67}},"type":"binary-expr","locations":[{"start":{"line":12,"column":46},"end":{"line":12,"column":49}},{"start":{"line":12,"column":53},"end":{"line":12,"column":67}}],"line":12},"2":{"loc":{"start":{"line":21,"column":2},"end":{"line":23,"column":3}},"type":"if","locations":[{"start":{"line":21,"column":2},"end":{"line":23,"column":3}},{"start":{"line":21,"column":2},"end":{"line":23,"column":3}}],"line":21},"3":{"loc":{"start":{"line":34,"column":2},"end":{"line":36,"column":3}},"type":"if","locations":[{"start":{"line":34,"column":2},"end":{"line":36,"column":3}},{"start":{"line":34,"column":2},"end":{"line":36,"column":3}}],"line":34}},"s":{"0":1,"1":1,"2":1,"3":1,"4":1,"5":1,"6":1,"7":1,"8":1,"9":1,"10":1,"11":1,"12":0,"13":0,"14":1,"15":1,"16":1},"f":{"0":1,"1":1,"2":1},"b":{"0":[1,0],"1":[1,1],"2":[1,0],"3":[1,0]},"inputSourceMap":null,"_coverageSchema":"332fd63041d2c1bcb487cc26dd0d5f7d97098a6c","hash":"d7d4756a3a37336977a0c9805c0443524a9df6e3"},"/Users/matt/Documents/projects/mongodb/compass-query-history-new/src/components/code/Code.jsx":{"path":"/Users/matt/Documents/projects/mongodb/compass-query-history-new/src/components/code/Code.jsx","statementMap":{"0":{"start":{"line":3,"column":0},"end":{"line":5,"column":3}},"1":{"start":{"line":6,"column":0},"end":{"line":6,"column":25}},"2":{"start":{"line":8,"column":19},"end":{"line":8,"column":563}},"3":{"start":{"line":8,"column":76},"end":{"line":8,"column":347}},"4":{"start":{"line":8,"column":134},"end":{"line":8,"column":142}},"5":{"start":{"line":8,"column":144},"end":{"line":8,"column":199}},"6":{"start":{"line":8,"column":200},"end":{"line":8,"column":231}},"7":{"start":{"line":8,"column":232},"end":{"line":8,"column":286}},"8":{"start":{"line":8,"column":259},"end":{"line":8,"column":286}},"9":{"start":{"line":8,"column":287},"end":{"line":8,"column":345}},"10":{"start":{"line":8,"column":350},"end":{"line":8,"column":559}},"11":{"start":{"line":8,"column":407},"end":{"line":8,"column":475}},"12":{"start":{"line":8,"column":423},"end":{"line":8,"column":475}},"13":{"start":{"line":8,"column":476},"end":{"line":8,"column":536}},"14":{"start":{"line":8,"column":493},"end":{"line":8,"column":536}},"15":{"start":{"line":8,"column":537},"end":{"line":8,"column":556}},"16":{"start":{"line":10,"column":13},"end":{"line":10,"column":29}},"17":{"start":{"line":12,"column":14},"end":{"line":12,"column":44}},"18":{"start":{"line":14,"column":16},"end":{"line":14,"column":36}},"19":{"start":{"line":16,"column":17},"end":{"line":16,"column":50}},"20":{"start":{"line":18,"column":17},"end":{"line":18,"column":38}},"21":{"start":{"line":20,"column":18},"end":{"line":20,"column":52}},"22":{"start":{"line":22,"column":18},"end":{"line":22,"column":39}},"23":{"start":{"line":24,"column":19},"end":{"line":24,"column":54}},"24":{"start":{"line":26,"column":17},"end":{"line":26,"column":40}},"25":{"start":{"line":28,"column":18},"end":{"line":28,"column":52}},"26":{"start":{"line":30,"column":12},"end":{"line":30,"column":34}},"27":{"start":{"line":32,"column":13},"end":{"line":32,"column":42}},"28":{"start":{"line":34,"column":39},"end":{"line":34,"column":93}},"29":{"start":{"line":36,"column":50},"end":{"line":36,"column":151}},"30":{"start":{"line":36,"column":92},"end":{"line":36,"column":149}},"31":{"start":{"line":38,"column":50},"end":{"line":38,"column":151}},"32":{"start":{"line":38,"column":63},"end":{"line":38,"column":149}},"33":{"start":{"line":38,"column":152},"end":{"line":38,"column":238}},"34":{"start":{"line":40,"column":43},"end":{"line":40,"column":208}},"35":{"start":{"line":40,"column":106},"end":{"line":40,"column":206}},"36":{"start":{"line":40,"column":209},"end":{"line":40,"column":373}},"37":{"start":{"line":40,"column":374},"end":{"line":40,"column":492}},"38":{"start":{"line":40,"column":390},"end":{"line":40,"column":492}},"39":{"start":{"line":42,"column":11},"end":{"line":100,"column":23}},"40":{"start":{"line":43,"column":2},"end":{"line":43,"column":34}},"41":{"start":{"line":50,"column":4},"end":{"line":50,"column":32}},"42":{"start":{"line":52,"column":4},"end":{"line":54,"column":5}},"43":{"start":{"line":53,"column":6},"end":{"line":53,"column":35}},"44":{"start":{"line":56,"column":4},"end":{"line":60,"column":55}},"45":{"start":{"line":59,"column":6},"end":{"line":59,"column":91}},"46":{"start":{"line":63,"column":2},"end":{"line":97,"column":6}},"47":{"start":{"line":66,"column":6},"end":{"line":66,"column":27}},"48":{"start":{"line":71,"column":6},"end":{"line":71,"column":27}},"49":{"start":{"line":76,"column":17},"end":{"line":76,"column":63}},"50":{"start":{"line":77,"column":6},"end":{"line":77,"column":47}},"51":{"start":{"line":82,"column":19},"end":{"line":82,"column":29}},"52":{"start":{"line":83,"column":21},"end":{"line":83,"column":36}},"53":{"start":{"line":84,"column":17},"end":{"line":84,"column":28}},"54":{"start":{"line":87,"column":6},"end":{"line":95,"column":8}},"55":{"start":{"line":99,"column":2},"end":{"line":99,"column":14}},"56":{"start":{"line":102,"column":0},"end":{"line":102,"column":26}},"57":{"start":{"line":103,"column":0},"end":{"line":106,"column":2}},"58":{"start":{"line":107,"column":0},"end":{"line":107,"column":23}},"59":{"start":{"line":108,"column":15},"end":{"line":108,"column":19}},"60":{"start":{"line":109,"column":16},"end":{"line":109,"column":24}},"61":{"start":{"line":110,"column":0},"end":{"line":110,"column":28}},"62":{"start":{"line":111,"column":0},"end":{"line":111,"column":20}},"63":{"start":{"line":114,"column":13},"end":{"line":124,"column":3}},"64":{"start":{"line":115,"column":2},"end":{"line":117,"column":3}},"65":{"start":{"line":116,"column":4},"end":{"line":116,"column":11}},"66":{"start":{"line":119,"column":2},"end":{"line":119,"column":143}},"67":{"start":{"line":121,"column":2},"end":{"line":121,"column":150}},"68":{"start":{"line":123,"column":2},"end":{"line":123,"column":151}},"69":{"start":{"line":129,"column":13},"end":{"line":133,"column":3}},"70":{"start":{"line":130,"column":2},"end":{"line":132,"column":3}},"71":{"start":{"line":131,"column":4},"end":{"line":131,"column":11}}},"fnMap":{"0":{"name":"(anonymous_0)","decl":{"start":{"line":8,"column":19},"end":{"line":8,"column":20}},"loc":{"start":{"line":8,"column":31},"end":{"line":8,"column":561}},"line":8},"1":{"name":"defineProperties","decl":{"start":{"line":8,"column":42},"end":{"line":8,"column":58}},"loc":{"start":{"line":8,"column":74},"end":{"line":8,"column":349}},"line":8},"2":{"name":"(anonymous_2)","decl":{"start":{"line":8,"column":357},"end":{"line":8,"column":358}},"loc":{"start":{"line":8,"column":405},"end":{"line":8,"column":558}},"line":8},"3":{"name":"_interopRequireDefault","decl":{"start":{"line":34,"column":9},"end":{"line":34,"column":31}},"loc":{"start":{"line":34,"column":37},"end":{"line":34,"column":95}},"line":34},"4":{"name":"_classCallCheck","decl":{"start":{"line":36,"column":9},"end":{"line":36,"column":24}},"loc":{"start":{"line":36,"column":48},"end":{"line":36,"column":153}},"line":36},"5":{"name":"_possibleConstructorReturn","decl":{"start":{"line":38,"column":9},"end":{"line":38,"column":35}},"loc":{"start":{"line":38,"column":48},"end":{"line":38,"column":240}},"line":38},"6":{"name":"_inherits","decl":{"start":{"line":40,"column":9},"end":{"line":40,"column":18}},"loc":{"start":{"line":40,"column":41},"end":{"line":40,"column":494}},"line":40},"7":{"name":"(anonymous_7)","decl":{"start":{"line":42,"column":11},"end":{"line":42,"column":12}},"loc":{"start":{"line":42,"column":37},"end":{"line":100,"column":1}},"line":42},"8":{"name":"Code","decl":{"start":{"line":45,"column":11},"end":{"line":45,"column":15}},"loc":{"start":{"line":45,"column":18},"end":{"line":61,"column":3}},"line":45},"9":{"name":"(anonymous_9)","decl":{"start":{"line":56,"column":194},"end":{"line":56,"column":195}},"loc":{"start":{"line":56,"column":206},"end":{"line":60,"column":5}},"line":56},"10":{"name":"componentDidMount","decl":{"start":{"line":65,"column":20},"end":{"line":65,"column":37}},"loc":{"start":{"line":65,"column":40},"end":{"line":67,"column":5}},"line":65},"11":{"name":"componentDidUpdate","decl":{"start":{"line":70,"column":20},"end":{"line":70,"column":38}},"loc":{"start":{"line":70,"column":41},"end":{"line":72,"column":5}},"line":70},"12":{"name":"__highlightCode__REACT_HOT_LOADER__","decl":{"start":{"line":75,"column":20},"end":{"line":75,"column":55}},"loc":{"start":{"line":75,"column":58},"end":{"line":78,"column":5}},"line":75},"13":{"name":"render","decl":{"start":{"line":81,"column":20},"end":{"line":81,"column":26}},"loc":{"start":{"line":81,"column":29},"end":{"line":96,"column":5}},"line":81},"14":{"name":"(anonymous_14)","decl":{"start":{"line":114,"column":13},"end":{"line":114,"column":14}},"loc":{"start":{"line":114,"column":25},"end":{"line":124,"column":1}},"line":114},"15":{"name":"(anonymous_15)","decl":{"start":{"line":129,"column":13},"end":{"line":129,"column":14}},"loc":{"start":{"line":129,"column":25},"end":{"line":133,"column":1}},"line":129}},"branchMap":{"0":{"loc":{"start":{"line":8,"column":168},"end":{"line":8,"column":198}},"type":"binary-expr","locations":[{"start":{"line":8,"column":168},"end":{"line":8,"column":189}},{"start":{"line":8,"column":193},"end":{"line":8,"column":198}}],"line":8},"1":{"loc":{"start":{"line":8,"column":232},"end":{"line":8,"column":286}},"type":"if","locations":[{"start":{"line":8,"column":232},"end":{"line":8,"column":286}},{"start":{"line":8,"column":232},"end":{"line":8,"column":286}}],"line":8},"2":{"loc":{"start":{"line":8,"column":407},"end":{"line":8,"column":475}},"type":"if","locations":[{"start":{"line":8,"column":407},"end":{"line":8,"column":475}},{"start":{"line":8,"column":407},"end":{"line":8,"column":475}}],"line":8},"3":{"loc":{"start":{"line":8,"column":476},"end":{"line":8,"column":536}},"type":"if","locations":[{"start":{"line":8,"column":476},"end":{"line":8,"column":536}},{"start":{"line":8,"column":476},"end":{"line":8,"column":536}}],"line":8},"4":{"loc":{"start":{"line":34,"column":46},"end":{"line":34,"column":92}},"type":"cond-expr","locations":[{"start":{"line":34,"column":70},"end":{"line":34,"column":73}},{"start":{"line":34,"column":76},"end":{"line":34,"column":92}}],"line":34},"5":{"loc":{"start":{"line":34,"column":46},"end":{"line":34,"column":67}},"type":"binary-expr","locations":[{"start":{"line":34,"column":46},"end":{"line":34,"column":49}},{"start":{"line":34,"column":53},"end":{"line":34,"column":67}}],"line":34},"6":{"loc":{"start":{"line":36,"column":50},"end":{"line":36,"column":151}},"type":"if","locations":[{"start":{"line":36,"column":50},"end":{"line":36,"column":151}},{"start":{"line":36,"column":50},"end":{"line":36,"column":151}}],"line":36},"7":{"loc":{"start":{"line":38,"column":50},"end":{"line":38,"column":151}},"type":"if","locations":[{"start":{"line":38,"column":50},"end":{"line":38,"column":151}},{"start":{"line":38,"column":50},"end":{"line":38,"column":151}}],"line":38},"8":{"loc":{"start":{"line":38,"column":159},"end":{"line":38,"column":237}},"type":"cond-expr","locations":[{"start":{"line":38,"column":226},"end":{"line":38,"column":230}},{"start":{"line":38,"column":233},"end":{"line":38,"column":237}}],"line":38},"9":{"loc":{"start":{"line":38,"column":159},"end":{"line":38,"column":223}},"type":"binary-expr","locations":[{"start":{"line":38,"column":159},"end":{"line":38,"column":163}},{"start":{"line":38,"column":168},"end":{"line":38,"column":192}},{"start":{"line":38,"column":196},"end":{"line":38,"column":222}}],"line":38},"10":{"loc":{"start":{"line":40,"column":43},"end":{"line":40,"column":208}},"type":"if","locations":[{"start":{"line":40,"column":43},"end":{"line":40,"column":208}},{"start":{"line":40,"column":43},"end":{"line":40,"column":208}}],"line":40},"11":{"loc":{"start":{"line":40,"column":47},"end":{"line":40,"column":102}},"type":"binary-expr","locations":[{"start":{"line":40,"column":47},"end":{"line":40,"column":79}},{"start":{"line":40,"column":83},"end":{"line":40,"column":102}}],"line":40},"12":{"loc":{"start":{"line":40,"column":244},"end":{"line":40,"column":278}},"type":"binary-expr","locations":[{"start":{"line":40,"column":244},"end":{"line":40,"column":254}},{"start":{"line":40,"column":258},"end":{"line":40,"column":278}}],"line":40},"13":{"loc":{"start":{"line":40,"column":374},"end":{"line":40,"column":492}},"type":"if","locations":[{"start":{"line":40,"column":374},"end":{"line":40,"column":492}},{"start":{"line":40,"column":374},"end":{"line":40,"column":492}}],"line":40},"14":{"loc":{"start":{"line":40,"column":390},"end":{"line":40,"column":491}},"type":"cond-expr","locations":[{"start":{"line":40,"column":414},"end":{"line":40,"column":457}},{"start":{"line":40,"column":460},"end":{"line":40,"column":491}}],"line":40},"15":{"loc":{"start":{"line":56,"column":77},"end":{"line":56,"column":122}},"type":"binary-expr","locations":[{"start":{"line":56,"column":77},"end":{"line":56,"column":91}},{"start":{"line":56,"column":95},"end":{"line":56,"column":122}}],"line":56},"16":{"loc":{"start":{"line":115,"column":2},"end":{"line":117,"column":3}},"type":"if","locations":[{"start":{"line":115,"column":2},"end":{"line":117,"column":3}},{"start":{"line":115,"column":2},"end":{"line":117,"column":3}}],"line":115},"17":{"loc":{"start":{"line":130,"column":2},"end":{"line":132,"column":3}},"type":"if","locations":[{"start":{"line":130,"column":2},"end":{"line":132,"column":3}},{"start":{"line":130,"column":2},"end":{"line":132,"column":3}}],"line":130}},"s":{"0":1,"1":1,"2":1,"3":1,"4":4,"5":4,"6":4,"7":4,"8":4,"9":4,"10":1,"11":1,"12":1,"13":1,"14":0,"15":1,"16":1,"17":1,"18":1,"19":1,"20":1,"21":1,"22":1,"23":1,"24":1,"25":1,"26":1,"27":1,"28":6,"29":4,"30":0,"31":8,"32":0,"33":8,"34":1,"35":0,"36":1,"37":1,"38":1,"39":1,"40":1,"41":4,"42":4,"43":12,"44":4,"45":2,"46":1,"47":2,"48":0,"49":2,"50":2,"51":4,"52":4,"53":4,"54":4,"55":1,"56":1,"57":1,"58":1,"59":1,"60":1,"61":1,"62":1,"63":1,"64":1,"65":1,"66":0,"67":0,"68":0,"69":1,"70":1,"71":1},"f":{"0":1,"1":1,"2":1,"3":6,"4":4,"5":8,"6":1,"7":1,"8":4,"9":2,"10":2,"11":0,"12":2,"13":4,"14":1,"15":1},"b":{"0":[4,4],"1":[4,0],"2":[1,0],"3":[0,1],"4":[0,6],"5":[6,6],"6":[0,4],"7":[0,8],"8":[4,4],"9":[8,4,0],"10":[0,1],"11":[1,0],"12":[1,1],"13":[1,0],"14":[1,0],"15":[4,0],"16":[1,0],"17":[1,0]},"inputSourceMap":null,"_coverageSchema":"332fd63041d2c1bcb487cc26dd0d5f7d97098a6c","hash":"541051358bbc6b38c31e3f302aa433650f6af160"},"/Users/matt/Documents/projects/mongodb/compass-query-history-new/src/components/favorites/index.js":{"path":"/Users/matt/Documents/projects/mongodb/compass-query-history-new/src/components/favorites/index.js","statementMap":{"0":{"start":{"line":3,"column":0},"end":{"line":5,"column":3}},"1":{"start":{"line":6,"column":0},"end":{"line":6,"column":62}},"2":{"start":{"line":8,"column":12},"end":{"line":8,"column":38}},"3":{"start":{"line":10,"column":25},"end":{"line":10,"column":55}},"4":{"start":{"line":12,"column":26},"end":{"line":12,"column":68}},"5":{"start":{"line":14,"column":14},"end":{"line":14,"column":42}},"6":{"start":{"line":16,"column":15},"end":{"line":16,"column":46}},"7":{"start":{"line":18,"column":39},"end":{"line":18,"column":93}},"8":{"start":{"line":20,"column":20},"end":{"line":20,"column":89}},"9":{"start":{"line":22,"column":15},"end":{"line":22,"column":28}},"10":{"start":{"line":23,"column":16},"end":{"line":23,"column":24}},"11":{"start":{"line":24,"column":0},"end":{"line":24,"column":28}},"12":{"start":{"line":25,"column":0},"end":{"line":25,"column":38}},"13":{"start":{"line":26,"column":0},"end":{"line":26,"column":56}},"14":{"start":{"line":29,"column":12},"end":{"line":39,"column":3}},"15":{"start":{"line":30,"column":1},"end":{"line":32,"column":2}},"16":{"start":{"line":31,"column":2},"end":{"line":31,"column":9}},"17":{"start":{"line":34,"column":1},"end":{"line":34,"column":165}},"18":{"start":{"line":36,"column":1},"end":{"line":36,"column":154}},"19":{"start":{"line":38,"column":1},"end":{"line":38,"column":155}},"20":{"start":{"line":44,"column":13},"end":{"line":48,"column":3}},"21":{"start":{"line":45,"column":1},"end":{"line":47,"column":2}},"22":{"start":{"line":46,"column":2},"end":{"line":46,"column":9}}},"fnMap":{"0":{"name":"_interopRequireDefault","decl":{"start":{"line":18,"column":9},"end":{"line":18,"column":31}},"loc":{"start":{"line":18,"column":37},"end":{"line":18,"column":95}},"line":18},"1":{"name":"(anonymous_1)","decl":{"start":{"line":29,"column":12},"end":{"line":29,"column":13}},"loc":{"start":{"line":29,"column":24},"end":{"line":39,"column":1}},"line":29},"2":{"name":"(anonymous_2)","decl":{"start":{"line":44,"column":13},"end":{"line":44,"column":14}},"loc":{"start":{"line":44,"column":25},"end":{"line":48,"column":1}},"line":44}},"branchMap":{"0":{"loc":{"start":{"line":18,"column":46},"end":{"line":18,"column":92}},"type":"cond-expr","locations":[{"start":{"line":18,"column":70},"end":{"line":18,"column":73}},{"start":{"line":18,"column":76},"end":{"line":18,"column":92}}],"line":18},"1":{"loc":{"start":{"line":18,"column":46},"end":{"line":18,"column":67}},"type":"binary-expr","locations":[{"start":{"line":18,"column":46},"end":{"line":18,"column":49}},{"start":{"line":18,"column":53},"end":{"line":18,"column":67}}],"line":18},"2":{"loc":{"start":{"line":30,"column":1},"end":{"line":32,"column":2}},"type":"if","locations":[{"start":{"line":30,"column":1},"end":{"line":32,"column":2}},{"start":{"line":30,"column":1},"end":{"line":32,"column":2}}],"line":30},"3":{"loc":{"start":{"line":45,"column":1},"end":{"line":47,"column":2}},"type":"if","locations":[{"start":{"line":45,"column":1},"end":{"line":47,"column":2}},{"start":{"line":45,"column":1},"end":{"line":47,"column":2}}],"line":45}},"s":{"0":1,"1":1,"2":1,"3":1,"4":1,"5":1,"6":1,"7":2,"8":1,"9":1,"10":1,"11":1,"12":1,"13":1,"14":1,"15":1,"16":1,"17":0,"18":0,"19":0,"20":1,"21":1,"22":1},"f":{"0":2,"1":1,"2":1},"b":{"0":[2,0],"1":[2,2],"2":[1,0],"3":[1,0]},"inputSourceMap":null,"_coverageSchema":"332fd63041d2c1bcb487cc26dd0d5f7d97098a6c","hash":"d344c4f62f8e728d12267f2c483f3094ebaa1416"},"/Users/matt/Documents/projects/mongodb/compass-query-history-new/src/components/list/index.js":{"path":"/Users/matt/Documents/projects/mongodb/compass-query-history-new/src/components/list/index.js","statementMap":{"0":{"start":{"line":3,"column":0},"end":{"line":5,"column":3}},"1":{"start":{"line":6,"column":0},"end":{"line":6,"column":32}},"2":{"start":{"line":8,"column":12},"end":{"line":8,"column":29}},"3":{"start":{"line":10,"column":15},"end":{"line":10,"column":32}},"4":{"start":{"line":11,"column":16},"end":{"line":11,"column":24}},"5":{"start":{"line":12,"column":0},"end":{"line":12,"column":28}},"6":{"start":{"line":13,"column":0},"end":{"line":13,"column":40}},"7":{"start":{"line":16,"column":12},"end":{"line":24,"column":3}},"8":{"start":{"line":17,"column":2},"end":{"line":19,"column":3}},"9":{"start":{"line":18,"column":4},"end":{"line":18,"column":11}},"10":{"start":{"line":21,"column":2},"end":{"line":21,"column":150}},"11":{"start":{"line":23,"column":2},"end":{"line":23,"column":151}},"12":{"start":{"line":29,"column":13},"end":{"line":33,"column":3}},"13":{"start":{"line":30,"column":2},"end":{"line":32,"column":3}},"14":{"start":{"line":31,"column":4},"end":{"line":31,"column":11}}},"fnMap":{"0":{"name":"(anonymous_0)","decl":{"start":{"line":16,"column":12},"end":{"line":16,"column":13}},"loc":{"start":{"line":16,"column":24},"end":{"line":24,"column":1}},"line":16},"1":{"name":"(anonymous_1)","decl":{"start":{"line":29,"column":13},"end":{"line":29,"column":14}},"loc":{"start":{"line":29,"column":25},"end":{"line":33,"column":1}},"line":29}},"branchMap":{"0":{"loc":{"start":{"line":17,"column":2},"end":{"line":19,"column":3}},"type":"if","locations":[{"start":{"line":17,"column":2},"end":{"line":19,"column":3}},{"start":{"line":17,"column":2},"end":{"line":19,"column":3}}],"line":17},"1":{"loc":{"start":{"line":30,"column":2},"end":{"line":32,"column":3}},"type":"if","locations":[{"start":{"line":30,"column":2},"end":{"line":32,"column":3}},{"start":{"line":30,"column":2},"end":{"line":32,"column":3}}],"line":30}},"s":{"0":1,"1":1,"2":1,"3":1,"4":1,"5":1,"6":1,"7":1,"8":1,"9":1,"10":0,"11":0,"12":1,"13":1,"14":1},"f":{"0":1,"1":1},"b":{"0":[1,0],"1":[1,0]},"inputSourceMap":null,"_coverageSchema":"332fd63041d2c1bcb487cc26dd0d5f7d97098a6c","hash":"a9165f6511b5b807f437ef6f057de990163e4e46"},"/Users/matt/Documents/projects/mongodb/compass-query-history-new/src/components/list/List.jsx":{"path":"/Users/matt/Documents/projects/mongodb/compass-query-history-new/src/components/list/List.jsx","statementMap":{"0":{"start":{"line":3,"column":0},"end":{"line":5,"column":3}},"1":{"start":{"line":6,"column":0},"end":{"line":6,"column":32}},"2":{"start":{"line":8,"column":19},"end":{"line":8,"column":563}},"3":{"start":{"line":8,"column":76},"end":{"line":8,"column":347}},"4":{"start":{"line":8,"column":134},"end":{"line":8,"column":142}},"5":{"start":{"line":8,"column":144},"end":{"line":8,"column":199}},"6":{"start":{"line":8,"column":200},"end":{"line":8,"column":231}},"7":{"start":{"line":8,"column":232},"end":{"line":8,"column":286}},"8":{"start":{"line":8,"column":259},"end":{"line":8,"column":286}},"9":{"start":{"line":8,"column":287},"end":{"line":8,"column":345}},"10":{"start":{"line":8,"column":350},"end":{"line":8,"column":559}},"11":{"start":{"line":8,"column":407},"end":{"line":8,"column":475}},"12":{"start":{"line":8,"column":423},"end":{"line":8,"column":475}},"13":{"start":{"line":8,"column":476},"end":{"line":8,"column":536}},"14":{"start":{"line":8,"column":493},"end":{"line":8,"column":536}},"15":{"start":{"line":8,"column":537},"end":{"line":8,"column":556}},"16":{"start":{"line":10,"column":13},"end":{"line":10,"column":29}},"17":{"start":{"line":12,"column":14},"end":{"line":12,"column":44}},"18":{"start":{"line":14,"column":17},"end":{"line":14,"column":38}},"19":{"start":{"line":16,"column":18},"end":{"line":16,"column":52}},"20":{"start":{"line":18,"column":18},"end":{"line":18,"column":39}},"21":{"start":{"line":20,"column":19},"end":{"line":20,"column":54}},"22":{"start":{"line":22,"column":17},"end":{"line":22,"column":38}},"23":{"start":{"line":24,"column":18},"end":{"line":24,"column":52}},"24":{"start":{"line":26,"column":12},"end":{"line":26,"column":38}},"25":{"start":{"line":28,"column":12},"end":{"line":28,"column":34}},"26":{"start":{"line":30,"column":13},"end":{"line":30,"column":42}},"27":{"start":{"line":32,"column":39},"end":{"line":32,"column":93}},"28":{"start":{"line":34,"column":50},"end":{"line":34,"column":151}},"29":{"start":{"line":34,"column":92},"end":{"line":34,"column":149}},"30":{"start":{"line":36,"column":50},"end":{"line":36,"column":151}},"31":{"start":{"line":36,"column":63},"end":{"line":36,"column":149}},"32":{"start":{"line":36,"column":152},"end":{"line":36,"column":238}},"33":{"start":{"line":38,"column":43},"end":{"line":38,"column":208}},"34":{"start":{"line":38,"column":106},"end":{"line":38,"column":206}},"35":{"start":{"line":38,"column":209},"end":{"line":38,"column":373}},"36":{"start":{"line":38,"column":374},"end":{"line":38,"column":492}},"37":{"start":{"line":38,"column":390},"end":{"line":38,"column":492}},"38":{"start":{"line":40,"column":14},"end":{"line":170,"column":1}},"39":{"start":{"line":41,"column":13},"end":{"line":152,"column":25}},"40":{"start":{"line":42,"column":4},"end":{"line":42,"column":36}},"41":{"start":{"line":49,"column":6},"end":{"line":49,"column":34}},"42":{"start":{"line":51,"column":6},"end":{"line":53,"column":7}},"43":{"start":{"line":52,"column":8},"end":{"line":52,"column":37}},"44":{"start":{"line":55,"column":6},"end":{"line":63,"column":57}},"45":{"start":{"line":58,"column":8},"end":{"line":58,"column":92}},"46":{"start":{"line":62,"column":8},"end":{"line":62,"column":95}},"47":{"start":{"line":66,"column":4},"end":{"line":149,"column":8}},"48":{"start":{"line":69,"column":21},"end":{"line":69,"column":31}},"49":{"start":{"line":70,"column":22},"end":{"line":70,"column":36}},"50":{"start":{"line":71,"column":22},"end":{"line":71,"column":36}},"51":{"start":{"line":74,"column":8},"end":{"line":76,"column":9}},"52":{"start":{"line":75,"column":10},"end":{"line":75,"column":22}},"53":{"start":{"line":78,"column":8},"end":{"line":78,"column":158}},"54":{"start":{"line":83,"column":22},"end":{"line":83,"column":32}},"55":{"start":{"line":84,"column":22},"end":{"line":84,"column":37}},"56":{"start":{"line":85,"column":29},"end":{"line":85,"column":51}},"57":{"start":{"line":88,"column":8},"end":{"line":102,"column":9}},"58":{"start":{"line":89,"column":10},"end":{"line":101,"column":12}},"59":{"start":{"line":104,"column":8},"end":{"line":104,"column":20}},"60":{"start":{"line":109,"column":22},"end":{"line":109,"column":32}},"61":{"start":{"line":110,"column":20},"end":{"line":110,"column":33}},"62":{"start":{"line":111,"column":17},"end":{"line":111,"column":27}},"63":{"start":{"line":112,"column":22},"end":{"line":112,"column":37}},"64":{"start":{"line":115,"column":19},"end":{"line":115,"column":29}},"65":{"start":{"line":116,"column":21},"end":{"line":127,"column":9}},"66":{"start":{"line":121,"column":12},"end":{"line":125,"column":14}},"67":{"start":{"line":129,"column":24},"end":{"line":129,"column":48}},"68":{"start":{"line":131,"column":26},"end":{"line":135,"column":10}},"69":{"start":{"line":132,"column":10},"end":{"line":132,"column":36}},"70":{"start":{"line":134,"column":10},"end":{"line":134,"column":167}},"71":{"start":{"line":137,"column":8},"end":{"line":147,"column":10}},"72":{"start":{"line":151,"column":4},"end":{"line":151,"column":16}},"73":{"start":{"line":154,"column":2},"end":{"line":154,"column":40}},"74":{"start":{"line":155,"column":2},"end":{"line":160,"column":4}},"75":{"start":{"line":161,"column":2},"end":{"line":166,"column":4}},"76":{"start":{"line":169,"column":2},"end":{"line":169,"column":14}},"77":{"start":{"line":172,"column":15},"end":{"line":172,"column":22}},"78":{"start":{"line":173,"column":16},"end":{"line":173,"column":24}},"79":{"start":{"line":174,"column":0},"end":{"line":174,"column":28}},"80":{"start":{"line":175,"column":0},"end":{"line":175,"column":30}},"81":{"start":{"line":178,"column":13},"end":{"line":188,"column":3}},"82":{"start":{"line":179,"column":2},"end":{"line":181,"column":3}},"83":{"start":{"line":180,"column":4},"end":{"line":180,"column":11}},"84":{"start":{"line":183,"column":2},"end":{"line":183,"column":149}},"85":{"start":{"line":185,"column":2},"end":{"line":185,"column":150}},"86":{"start":{"line":187,"column":2},"end":{"line":187,"column":151}},"87":{"start":{"line":193,"column":13},"end":{"line":197,"column":3}},"88":{"start":{"line":194,"column":2},"end":{"line":196,"column":3}},"89":{"start":{"line":195,"column":4},"end":{"line":195,"column":11}}},"fnMap":{"0":{"name":"(anonymous_0)","decl":{"start":{"line":8,"column":19},"end":{"line":8,"column":20}},"loc":{"start":{"line":8,"column":31},"end":{"line":8,"column":561}},"line":8},"1":{"name":"defineProperties","decl":{"start":{"line":8,"column":42},"end":{"line":8,"column":58}},"loc":{"start":{"line":8,"column":74},"end":{"line":8,"column":349}},"line":8},"2":{"name":"(anonymous_2)","decl":{"start":{"line":8,"column":357},"end":{"line":8,"column":358}},"loc":{"start":{"line":8,"column":405},"end":{"line":8,"column":558}},"line":8},"3":{"name":"_interopRequireDefault","decl":{"start":{"line":32,"column":9},"end":{"line":32,"column":31}},"loc":{"start":{"line":32,"column":37},"end":{"line":32,"column":95}},"line":32},"4":{"name":"_classCallCheck","decl":{"start":{"line":34,"column":9},"end":{"line":34,"column":24}},"loc":{"start":{"line":34,"column":48},"end":{"line":34,"column":153}},"line":34},"5":{"name":"_possibleConstructorReturn","decl":{"start":{"line":36,"column":9},"end":{"line":36,"column":35}},"loc":{"start":{"line":36,"column":48},"end":{"line":36,"column":240}},"line":36},"6":{"name":"_inherits","decl":{"start":{"line":38,"column":9},"end":{"line":38,"column":18}},"loc":{"start":{"line":38,"column":41},"end":{"line":38,"column":494}},"line":38},"7":{"name":"factory","decl":{"start":{"line":40,"column":23},"end":{"line":40,"column":30}},"loc":{"start":{"line":40,"column":49},"end":{"line":170,"column":1}},"line":40},"8":{"name":"(anonymous_8)","decl":{"start":{"line":41,"column":13},"end":{"line":41,"column":14}},"loc":{"start":{"line":41,"column":39},"end":{"line":152,"column":3}},"line":41},"9":{"name":"List","decl":{"start":{"line":44,"column":13},"end":{"line":44,"column":17}},"loc":{"start":{"line":44,"column":20},"end":{"line":64,"column":5}},"line":44},"10":{"name":"(anonymous_10)","decl":{"start":{"line":55,"column":195},"end":{"line":55,"column":196}},"loc":{"start":{"line":55,"column":207},"end":{"line":59,"column":7}},"line":55},"11":{"name":"(anonymous_11)","decl":{"start":{"line":59,"column":33},"end":{"line":59,"column":34}},"loc":{"start":{"line":59,"column":45},"end":{"line":63,"column":7}},"line":59},"12":{"name":"__renderSaving__REACT_HOT_LOADER__","decl":{"start":{"line":68,"column":22},"end":{"line":68,"column":56}},"loc":{"start":{"line":68,"column":59},"end":{"line":79,"column":7}},"line":68},"13":{"name":"__renderZeroState__REACT_HOT_LOADER__","decl":{"start":{"line":82,"column":22},"end":{"line":82,"column":59}},"loc":{"start":{"line":82,"column":68},"end":{"line":105,"column":7}},"line":82},"14":{"name":"render","decl":{"start":{"line":108,"column":22},"end":{"line":108,"column":28}},"loc":{"start":{"line":108,"column":31},"end":{"line":148,"column":7}},"line":108},"15":{"name":"getAttributes","decl":{"start":{"line":120,"column":34},"end":{"line":120,"column":47}},"loc":{"start":{"line":120,"column":50},"end":{"line":126,"column":11}},"line":120},"16":{"name":"(anonymous_16)","decl":{"start":{"line":131,"column":39},"end":{"line":131,"column":40}},"loc":{"start":{"line":131,"column":55},"end":{"line":133,"column":9}},"line":131},"17":{"name":"(anonymous_17)","decl":{"start":{"line":133,"column":15},"end":{"line":133,"column":16}},"loc":{"start":{"line":133,"column":38},"end":{"line":135,"column":9}},"line":133},"18":{"name":"(anonymous_18)","decl":{"start":{"line":178,"column":13},"end":{"line":178,"column":14}},"loc":{"start":{"line":178,"column":25},"end":{"line":188,"column":1}},"line":178},"19":{"name":"(anonymous_19)","decl":{"start":{"line":193,"column":13},"end":{"line":193,"column":14}},"loc":{"start":{"line":193,"column":25},"end":{"line":197,"column":1}},"line":193}},"branchMap":{"0":{"loc":{"start":{"line":8,"column":168},"end":{"line":8,"column":198}},"type":"binary-expr","locations":[{"start":{"line":8,"column":168},"end":{"line":8,"column":189}},{"start":{"line":8,"column":193},"end":{"line":8,"column":198}}],"line":8},"1":{"loc":{"start":{"line":8,"column":232},"end":{"line":8,"column":286}},"type":"if","locations":[{"start":{"line":8,"column":232},"end":{"line":8,"column":286}},{"start":{"line":8,"column":232},"end":{"line":8,"column":286}}],"line":8},"2":{"loc":{"start":{"line":8,"column":407},"end":{"line":8,"column":475}},"type":"if","locations":[{"start":{"line":8,"column":407},"end":{"line":8,"column":475}},{"start":{"line":8,"column":407},"end":{"line":8,"column":475}}],"line":8},"3":{"loc":{"start":{"line":8,"column":476},"end":{"line":8,"column":536}},"type":"if","locations":[{"start":{"line":8,"column":476},"end":{"line":8,"column":536}},{"start":{"line":8,"column":476},"end":{"line":8,"column":536}}],"line":8},"4":{"loc":{"start":{"line":32,"column":46},"end":{"line":32,"column":92}},"type":"cond-expr","locations":[{"start":{"line":32,"column":70},"end":{"line":32,"column":73}},{"start":{"line":32,"column":76},"end":{"line":32,"column":92}}],"line":32},"5":{"loc":{"start":{"line":32,"column":46},"end":{"line":32,"column":67}},"type":"binary-expr","locations":[{"start":{"line":32,"column":46},"end":{"line":32,"column":49}},{"start":{"line":32,"column":53},"end":{"line":32,"column":67}}],"line":32},"6":{"loc":{"start":{"line":34,"column":50},"end":{"line":34,"column":151}},"type":"if","locations":[{"start":{"line":34,"column":50},"end":{"line":34,"column":151}},{"start":{"line":34,"column":50},"end":{"line":34,"column":151}}],"line":34},"7":{"loc":{"start":{"line":36,"column":50},"end":{"line":36,"column":151}},"type":"if","locations":[{"start":{"line":36,"column":50},"end":{"line":36,"column":151}},{"start":{"line":36,"column":50},"end":{"line":36,"column":151}}],"line":36},"8":{"loc":{"start":{"line":36,"column":159},"end":{"line":36,"column":237}},"type":"cond-expr","locations":[{"start":{"line":36,"column":226},"end":{"line":36,"column":230}},{"start":{"line":36,"column":233},"end":{"line":36,"column":237}}],"line":36},"9":{"loc":{"start":{"line":36,"column":159},"end":{"line":36,"column":223}},"type":"binary-expr","locations":[{"start":{"line":36,"column":159},"end":{"line":36,"column":163}},{"start":{"line":36,"column":168},"end":{"line":36,"column":192}},{"start":{"line":36,"column":196},"end":{"line":36,"column":222}}],"line":36},"10":{"loc":{"start":{"line":38,"column":43},"end":{"line":38,"column":208}},"type":"if","locations":[{"start":{"line":38,"column":43},"end":{"line":38,"column":208}},{"start":{"line":38,"column":43},"end":{"line":38,"column":208}}],"line":38},"11":{"loc":{"start":{"line":38,"column":47},"end":{"line":38,"column":102}},"type":"binary-expr","locations":[{"start":{"line":38,"column":47},"end":{"line":38,"column":79}},{"start":{"line":38,"column":83},"end":{"line":38,"column":102}}],"line":38},"12":{"loc":{"start":{"line":38,"column":244},"end":{"line":38,"column":278}},"type":"binary-expr","locations":[{"start":{"line":38,"column":244},"end":{"line":38,"column":254}},{"start":{"line":38,"column":258},"end":{"line":38,"column":278}}],"line":38},"13":{"loc":{"start":{"line":38,"column":374},"end":{"line":38,"column":492}},"type":"if","locations":[{"start":{"line":38,"column":374},"end":{"line":38,"column":492}},{"start":{"line":38,"column":374},"end":{"line":38,"column":492}}],"line":38},"14":{"loc":{"start":{"line":38,"column":390},"end":{"line":38,"column":491}},"type":"cond-expr","locations":[{"start":{"line":38,"column":414},"end":{"line":38,"column":457}},{"start":{"line":38,"column":460},"end":{"line":38,"column":491}}],"line":38},"15":{"loc":{"start":{"line":55,"column":79},"end":{"line":55,"column":124}},"type":"binary-expr","locations":[{"start":{"line":55,"column":79},"end":{"line":55,"column":93}},{"start":{"line":55,"column":97},"end":{"line":55,"column":124}}],"line":55},"16":{"loc":{"start":{"line":74,"column":8},"end":{"line":76,"column":9}},"type":"if","locations":[{"start":{"line":74,"column":8},"end":{"line":76,"column":9}},{"start":{"line":74,"column":8},"end":{"line":76,"column":9}}],"line":74},"17":{"loc":{"start":{"line":74,"column":12},"end":{"line":74,"column":60}},"type":"binary-expr","locations":[{"start":{"line":74,"column":12},"end":{"line":74,"column":40}},{"start":{"line":74,"column":44},"end":{"line":74,"column":60}}],"line":74},"18":{"loc":{"start":{"line":88,"column":8},"end":{"line":102,"column":9}},"type":"if","locations":[{"start":{"line":88,"column":8},"end":{"line":102,"column":9}},{"start":{"line":88,"column":8},"end":{"line":102,"column":9}}],"line":88},"19":{"loc":{"start":{"line":88,"column":12},"end":{"line":88,"column":44}},"type":"binary-expr","locations":[{"start":{"line":88,"column":12},"end":{"line":88,"column":24}},{"start":{"line":88,"column":28},"end":{"line":88,"column":44}}],"line":88},"20":{"loc":{"start":{"line":179,"column":2},"end":{"line":181,"column":3}},"type":"if","locations":[{"start":{"line":179,"column":2},"end":{"line":181,"column":3}},{"start":{"line":179,"column":2},"end":{"line":181,"column":3}}],"line":179},"21":{"loc":{"start":{"line":194,"column":2},"end":{"line":196,"column":3}},"type":"if","locations":[{"start":{"line":194,"column":2},"end":{"line":196,"column":3}},{"start":{"line":194,"column":2},"end":{"line":196,"column":3}}],"line":194}},"s":{"0":1,"1":1,"2":1,"3":3,"4":9,"5":9,"6":9,"7":9,"8":9,"9":9,"10":1,"11":3,"12":3,"13":3,"14":0,"15":3,"16":1,"17":1,"18":1,"19":1,"20":1,"21":1,"22":1,"23":1,"24":1,"25":1,"26":1,"27":5,"28":7,"29":0,"30":14,"31":0,"32":14,"33":3,"34":0,"35":3,"36":3,"37":3,"38":1,"39":3,"40":3,"41":7,"42":7,"43":21,"44":7,"45":7,"46":7,"47":3,"48":7,"49":7,"50":7,"51":7,"52":6,"53":1,"54":7,"55":7,"56":7,"57":7,"58":2,"59":5,"60":7,"61":7,"62":7,"63":7,"64":7,"65":7,"66":0,"67":7,"68":7,"69":15,"70":15,"71":7,"72":3,"73":3,"74":3,"75":3,"76":3,"77":1,"78":1,"79":1,"80":1,"81":1,"82":1,"83":1,"84":0,"85":0,"86":0,"87":1,"88":1,"89":1},"f":{"0":1,"1":3,"2":3,"3":5,"4":7,"5":14,"6":3,"7":3,"8":3,"9":7,"10":7,"11":7,"12":7,"13":7,"14":7,"15":0,"16":15,"17":15,"18":1,"19":1},"b":{"0":[9,9],"1":[9,0],"2":[3,0],"3":[0,3],"4":[0,5],"5":[5,5],"6":[0,7],"7":[0,14],"8":[7,7],"9":[14,7,0],"10":[0,3],"11":[3,0],"12":[3,3],"13":[3,0],"14":[3,0],"15":[7,0],"16":[6,1],"17":[7,7],"18":[2,5],"19":[7,2],"20":[1,0],"21":[1,0]},"inputSourceMap":null,"_coverageSchema":"332fd63041d2c1bcb487cc26dd0d5f7d97098a6c","hash":"025b0985c7709ca0b46224fab7c5d1cdc31c5e1c"},"/Users/matt/Documents/projects/mongodb/compass-query-history-new/src/components/favorites/FavoritesListItem.jsx":{"path":"/Users/matt/Documents/projects/mongodb/compass-query-history-new/src/components/favorites/FavoritesListItem.jsx","statementMap":{"0":{"start":{"line":3,"column":0},"end":{"line":5,"column":3}},"1":{"start":{"line":6,"column":0},"end":{"line":6,"column":38}},"2":{"start":{"line":8,"column":19},"end":{"line":8,"column":563}},"3":{"start":{"line":8,"column":76},"end":{"line":8,"column":347}},"4":{"start":{"line":8,"column":134},"end":{"line":8,"column":142}},"5":{"start":{"line":8,"column":144},"end":{"line":8,"column":199}},"6":{"start":{"line":8,"column":200},"end":{"line":8,"column":231}},"7":{"start":{"line":8,"column":232},"end":{"line":8,"column":286}},"8":{"start":{"line":8,"column":259},"end":{"line":8,"column":286}},"9":{"start":{"line":8,"column":287},"end":{"line":8,"column":345}},"10":{"start":{"line":8,"column":350},"end":{"line":8,"column":559}},"11":{"start":{"line":8,"column":407},"end":{"line":8,"column":475}},"12":{"start":{"line":8,"column":423},"end":{"line":8,"column":475}},"13":{"start":{"line":8,"column":476},"end":{"line":8,"column":536}},"14":{"start":{"line":8,"column":493},"end":{"line":8,"column":536}},"15":{"start":{"line":8,"column":537},"end":{"line":8,"column":556}},"16":{"start":{"line":10,"column":13},"end":{"line":10,"column":29}},"17":{"start":{"line":12,"column":14},"end":{"line":12,"column":44}},"18":{"start":{"line":14,"column":17},"end":{"line":14,"column":38}},"19":{"start":{"line":16,"column":18},"end":{"line":16,"column":52}},"20":{"start":{"line":18,"column":18},"end":{"line":18,"column":39}},"21":{"start":{"line":20,"column":19},"end":{"line":20,"column":54}},"22":{"start":{"line":22,"column":24},"end":{"line":22,"column":52}},"23":{"start":{"line":24,"column":25},"end":{"line":24,"column":66}},"24":{"start":{"line":26,"column":12},"end":{"line":26,"column":38}},"25":{"start":{"line":28,"column":13},"end":{"line":28,"column":40}},"26":{"start":{"line":30,"column":14},"end":{"line":30,"column":44}},"27":{"start":{"line":32,"column":25},"end":{"line":32,"column":60}},"28":{"start":{"line":34,"column":26},"end":{"line":34,"column":68}},"29":{"start":{"line":36,"column":39},"end":{"line":36,"column":93}},"30":{"start":{"line":38,"column":50},"end":{"line":38,"column":151}},"31":{"start":{"line":38,"column":92},"end":{"line":38,"column":149}},"32":{"start":{"line":40,"column":50},"end":{"line":40,"column":151}},"33":{"start":{"line":40,"column":63},"end":{"line":40,"column":149}},"34":{"start":{"line":40,"column":152},"end":{"line":40,"column":238}},"35":{"start":{"line":42,"column":43},"end":{"line":42,"column":208}},"36":{"start":{"line":42,"column":106},"end":{"line":42,"column":206}},"37":{"start":{"line":42,"column":209},"end":{"line":42,"column":373}},"38":{"start":{"line":42,"column":374},"end":{"line":42,"column":492}},"39":{"start":{"line":42,"column":390},"end":{"line":42,"column":492}},"40":{"start":{"line":44,"column":24},"end":{"line":140,"column":23}},"41":{"start":{"line":45,"column":2},"end":{"line":45,"column":47}},"42":{"start":{"line":52,"column":4},"end":{"line":52,"column":45}},"43":{"start":{"line":54,"column":4},"end":{"line":56,"column":5}},"44":{"start":{"line":55,"column":6},"end":{"line":55,"column":35}},"45":{"start":{"line":58,"column":4},"end":{"line":66,"column":55}},"46":{"start":{"line":61,"column":6},"end":{"line":61,"column":87}},"47":{"start":{"line":65,"column":6},"end":{"line":65,"column":92}},"48":{"start":{"line":69,"column":2},"end":{"line":137,"column":6}},"49":{"start":{"line":72,"column":19},"end":{"line":72,"column":29}},"50":{"start":{"line":73,"column":20},"end":{"line":73,"column":34}},"51":{"start":{"line":74,"column":18},"end":{"line":74,"column":30}},"52":{"start":{"line":76,"column":6},"end":{"line":76,"column":31}},"53":{"start":{"line":81,"column":20},"end":{"line":81,"column":30}},"54":{"start":{"line":82,"column":20},"end":{"line":82,"column":35}},"55":{"start":{"line":83,"column":18},"end":{"line":83,"column":31}},"56":{"start":{"line":85,"column":6},"end":{"line":85,"column":36}},"57":{"start":{"line":90,"column":20},"end":{"line":90,"column":30}},"58":{"start":{"line":91,"column":18},"end":{"line":91,"column":31}},"59":{"start":{"line":92,"column":22},"end":{"line":92,"column":39}},"60":{"start":{"line":95,"column":23},"end":{"line":95,"column":70}},"61":{"start":{"line":97,"column":6},"end":{"line":101,"column":9}},"62":{"start":{"line":98,"column":8},"end":{"line":98,"column":37}},"63":{"start":{"line":100,"column":8},"end":{"line":100,"column":38}},"64":{"start":{"line":103,"column":6},"end":{"line":135,"column":8}},"65":{"start":{"line":139,"column":2},"end":{"line":139,"column":27}},"66":{"start":{"line":142,"column":0},"end":{"line":142,"column":64}},"67":{"start":{"line":143,"column":0},"end":{"line":146,"column":2}},"68":{"start":{"line":147,"column":0},"end":{"line":147,"column":36}},"69":{"start":{"line":148,"column":15},"end":{"line":148,"column":32}},"70":{"start":{"line":149,"column":16},"end":{"line":149,"column":24}},"71":{"start":{"line":150,"column":0},"end":{"line":150,"column":28}},"72":{"start":{"line":151,"column":0},"end":{"line":151,"column":46}},"73":{"start":{"line":154,"column":13},"end":{"line":164,"column":3}},"74":{"start":{"line":155,"column":2},"end":{"line":157,"column":3}},"75":{"start":{"line":156,"column":4},"end":{"line":156,"column":11}},"76":{"start":{"line":159,"column":2},"end":{"line":159,"column":187}},"77":{"start":{"line":161,"column":2},"end":{"line":161,"column":168}},"78":{"start":{"line":163,"column":2},"end":{"line":163,"column":169}},"79":{"start":{"line":169,"column":13},"end":{"line":173,"column":3}},"80":{"start":{"line":170,"column":2},"end":{"line":172,"column":3}},"81":{"start":{"line":171,"column":4},"end":{"line":171,"column":11}}},"fnMap":{"0":{"name":"(anonymous_0)","decl":{"start":{"line":8,"column":19},"end":{"line":8,"column":20}},"loc":{"start":{"line":8,"column":31},"end":{"line":8,"column":561}},"line":8},"1":{"name":"defineProperties","decl":{"start":{"line":8,"column":42},"end":{"line":8,"column":58}},"loc":{"start":{"line":8,"column":74},"end":{"line":8,"column":349}},"line":8},"2":{"name":"(anonymous_2)","decl":{"start":{"line":8,"column":357},"end":{"line":8,"column":358}},"loc":{"start":{"line":8,"column":405},"end":{"line":8,"column":558}},"line":8},"3":{"name":"_interopRequireDefault","decl":{"start":{"line":36,"column":9},"end":{"line":36,"column":31}},"loc":{"start":{"line":36,"column":37},"end":{"line":36,"column":95}},"line":36},"4":{"name":"_classCallCheck","decl":{"start":{"line":38,"column":9},"end":{"line":38,"column":24}},"loc":{"start":{"line":38,"column":48},"end":{"line":38,"column":153}},"line":38},"5":{"name":"_possibleConstructorReturn","decl":{"start":{"line":40,"column":9},"end":{"line":40,"column":35}},"loc":{"start":{"line":40,"column":48},"end":{"line":40,"column":240}},"line":40},"6":{"name":"_inherits","decl":{"start":{"line":42,"column":9},"end":{"line":42,"column":18}},"loc":{"start":{"line":42,"column":41},"end":{"line":42,"column":494}},"line":42},"7":{"name":"(anonymous_7)","decl":{"start":{"line":44,"column":24},"end":{"line":44,"column":25}},"loc":{"start":{"line":44,"column":50},"end":{"line":140,"column":1}},"line":44},"8":{"name":"FavoritesListItem","decl":{"start":{"line":47,"column":11},"end":{"line":47,"column":28}},"loc":{"start":{"line":47,"column":31},"end":{"line":67,"column":3}},"line":47},"9":{"name":"(anonymous_9)","decl":{"start":{"line":58,"column":216},"end":{"line":58,"column":217}},"loc":{"start":{"line":58,"column":228},"end":{"line":62,"column":5}},"line":58},"10":{"name":"(anonymous_10)","decl":{"start":{"line":62,"column":30},"end":{"line":62,"column":31}},"loc":{"start":{"line":62,"column":42},"end":{"line":66,"column":5}},"line":62},"11":{"name":"__copyQuery__REACT_HOT_LOADER__","decl":{"start":{"line":71,"column":20},"end":{"line":71,"column":51}},"loc":{"start":{"line":71,"column":54},"end":{"line":77,"column":5}},"line":71},"12":{"name":"__deleteFavorite__REACT_HOT_LOADER__","decl":{"start":{"line":80,"column":20},"end":{"line":80,"column":56}},"loc":{"start":{"line":80,"column":59},"end":{"line":86,"column":5}},"line":80},"13":{"name":"render","decl":{"start":{"line":89,"column":20},"end":{"line":89,"column":26}},"loc":{"start":{"line":89,"column":29},"end":{"line":136,"column":5}},"line":89},"14":{"name":"(anonymous_14)","decl":{"start":{"line":97,"column":37},"end":{"line":97,"column":38}},"loc":{"start":{"line":97,"column":52},"end":{"line":99,"column":7}},"line":97},"15":{"name":"(anonymous_15)","decl":{"start":{"line":99,"column":17},"end":{"line":99,"column":18}},"loc":{"start":{"line":99,"column":32},"end":{"line":101,"column":7}},"line":99},"16":{"name":"(anonymous_16)","decl":{"start":{"line":154,"column":13},"end":{"line":154,"column":14}},"loc":{"start":{"line":154,"column":25},"end":{"line":164,"column":1}},"line":154},"17":{"name":"(anonymous_17)","decl":{"start":{"line":169,"column":13},"end":{"line":169,"column":14}},"loc":{"start":{"line":169,"column":25},"end":{"line":173,"column":1}},"line":169}},"branchMap":{"0":{"loc":{"start":{"line":8,"column":168},"end":{"line":8,"column":198}},"type":"binary-expr","locations":[{"start":{"line":8,"column":168},"end":{"line":8,"column":189}},{"start":{"line":8,"column":193},"end":{"line":8,"column":198}}],"line":8},"1":{"loc":{"start":{"line":8,"column":232},"end":{"line":8,"column":286}},"type":"if","locations":[{"start":{"line":8,"column":232},"end":{"line":8,"column":286}},{"start":{"line":8,"column":232},"end":{"line":8,"column":286}}],"line":8},"2":{"loc":{"start":{"line":8,"column":407},"end":{"line":8,"column":475}},"type":"if","locations":[{"start":{"line":8,"column":407},"end":{"line":8,"column":475}},{"start":{"line":8,"column":407},"end":{"line":8,"column":475}}],"line":8},"3":{"loc":{"start":{"line":8,"column":476},"end":{"line":8,"column":536}},"type":"if","locations":[{"start":{"line":8,"column":476},"end":{"line":8,"column":536}},{"start":{"line":8,"column":476},"end":{"line":8,"column":536}}],"line":8},"4":{"loc":{"start":{"line":36,"column":46},"end":{"line":36,"column":92}},"type":"cond-expr","locations":[{"start":{"line":36,"column":70},"end":{"line":36,"column":73}},{"start":{"line":36,"column":76},"end":{"line":36,"column":92}}],"line":36},"5":{"loc":{"start":{"line":36,"column":46},"end":{"line":36,"column":67}},"type":"binary-expr","locations":[{"start":{"line":36,"column":46},"end":{"line":36,"column":49}},{"start":{"line":36,"column":53},"end":{"line":36,"column":67}}],"line":36},"6":{"loc":{"start":{"line":38,"column":50},"end":{"line":38,"column":151}},"type":"if","locations":[{"start":{"line":38,"column":50},"end":{"line":38,"column":151}},{"start":{"line":38,"column":50},"end":{"line":38,"column":151}}],"line":38},"7":{"loc":{"start":{"line":40,"column":50},"end":{"line":40,"column":151}},"type":"if","locations":[{"start":{"line":40,"column":50},"end":{"line":40,"column":151}},{"start":{"line":40,"column":50},"end":{"line":40,"column":151}}],"line":40},"8":{"loc":{"start":{"line":40,"column":159},"end":{"line":40,"column":237}},"type":"cond-expr","locations":[{"start":{"line":40,"column":226},"end":{"line":40,"column":230}},{"start":{"line":40,"column":233},"end":{"line":40,"column":237}}],"line":40},"9":{"loc":{"start":{"line":40,"column":159},"end":{"line":40,"column":223}},"type":"binary-expr","locations":[{"start":{"line":40,"column":159},"end":{"line":40,"column":163}},{"start":{"line":40,"column":168},"end":{"line":40,"column":192}},{"start":{"line":40,"column":196},"end":{"line":40,"column":222}}],"line":40},"10":{"loc":{"start":{"line":42,"column":43},"end":{"line":42,"column":208}},"type":"if","locations":[{"start":{"line":42,"column":43},"end":{"line":42,"column":208}},{"start":{"line":42,"column":43},"end":{"line":42,"column":208}}],"line":42},"11":{"loc":{"start":{"line":42,"column":47},"end":{"line":42,"column":102}},"type":"binary-expr","locations":[{"start":{"line":42,"column":47},"end":{"line":42,"column":79}},{"start":{"line":42,"column":83},"end":{"line":42,"column":102}}],"line":42},"12":{"loc":{"start":{"line":42,"column":244},"end":{"line":42,"column":278}},"type":"binary-expr","locations":[{"start":{"line":42,"column":244},"end":{"line":42,"column":254}},{"start":{"line":42,"column":258},"end":{"line":42,"column":278}}],"line":42},"13":{"loc":{"start":{"line":42,"column":374},"end":{"line":42,"column":492}},"type":"if","locations":[{"start":{"line":42,"column":374},"end":{"line":42,"column":492}},{"start":{"line":42,"column":374},"end":{"line":42,"column":492}}],"line":42},"14":{"loc":{"start":{"line":42,"column":390},"end":{"line":42,"column":491}},"type":"cond-expr","locations":[{"start":{"line":42,"column":414},"end":{"line":42,"column":457}},{"start":{"line":42,"column":460},"end":{"line":42,"column":491}}],"line":42},"15":{"loc":{"start":{"line":58,"column":77},"end":{"line":58,"column":148}},"type":"binary-expr","locations":[{"start":{"line":58,"column":77},"end":{"line":58,"column":104}},{"start":{"line":58,"column":108},"end":{"line":58,"column":148}}],"line":58},"16":{"loc":{"start":{"line":155,"column":2},"end":{"line":157,"column":3}},"type":"if","locations":[{"start":{"line":155,"column":2},"end":{"line":157,"colu
[...]
"start":{"line":40,"column":244},"end":{"line":40,"column":254}},{"start":{"line":40,"column":258},"end":{"line":40,"column":278}}],"line":40},"13":{"loc":{"start":{"line":40,"column":374},"end":{"line":40,"column":492}},"type":"if","locations":[{"start":{"line":40,"column":374},"end":{"line":40,"column":492}},{"start":{"line":40,"column":374},"end":{"line":40,"column":492}}],"line":40},"14":{"loc":{"start":{"line":40,"column":390},"end":{"line":40,"column":491}},"type":"cond-expr","locations":[{"start":{"line":40,"column":414},"end":{"line":40,"column":457}},{"start":{"line":40,"column":460},"end":{"line":40,"column":491}}],"line":40},"15":{"loc":{"start":{"line":56,"column":77},"end":{"line":56,"column":162}},"type":"binary-expr","locations":[{"start":{"line":56,"column":77},"end":{"line":56,"column":111}},{"start":{"line":56,"column":115},"end":{"line":56,"column":162}}],"line":56},"16":{"loc":{"start":{"line":103,"column":2},"end":{"line":105,"column":3}},"type":"if","locations":[{"start":{"line":103,"column":2},"end":{"line":105,"column":3}},{"start":{"line":103,"column":2},"end":{"line":105,"column":3}}],"line":103},"17":{"loc":{"start":{"line":118,"column":2},"end":{"line":120,"column":3}},"type":"if","locations":[{"start":{"line":118,"column":2},"end":{"line":120,"column":3}},{"start":{"line":118,"column":2},"end":{"line":120,"column":3}}],"line":118}},"s":{"0":1,"1":1,"2":1,"3":1,"4":2,"5":2,"6":2,"7":2,"8":2,"9":2,"10":1,"11":1,"12":1,"13":1,"14":0,"15":1,"16":1,"17":1,"18":1,"19":1,"20":1,"21":1,"22":1,"23":1,"24":1,"25":1,"26":1,"27":1,"28":6,"29":3,"30":0,"31":6,"32":0,"33":6,"34":1,"35":0,"36":1,"37":1,"38":1,"39":1,"40":1,"41":3,"42":3,"43":9,"44":3,"45":0,"46":1,"47":0,"48":3,"49":1,"50":1,"51":1,"52":1,"53":1,"54":1,"55":1,"56":1,"57":1,"58":1,"59":1,"60":0,"61":0,"62":0,"63":1,"64":1,"65":1},"f":{"0":1,"1":1,"2":1,"3":6,"4":3,"5":6,"6":1,"7":1,"8":3,"9":0,"10":0,"11":3,"12":1,"13":1},"b":{"0":[2,2],"1":[2,0],"2":[1,0],"3":[0,1],"4":[1,5],"5":[6,6],"6":[0,3],"7":[0,6],"8":[3,3],"9":[6,3,0],"10":[0,1],"11":[1,0],"12":[1,1],"13":[1,0],"14":[1,0],"15":[3,0],"16":[1,0],"17":[1,0]},"inputSourceMap":null,"_coverageSchema":"332fd63041d2c1bcb487cc26dd0d5f7d97098a6c","hash":"7a4cc5e68e8424518d7bee1d851426577cb6d391"},"/Users/matt/Documents/projects/mongodb/compass-query-history-new/src/Plugin.js":{"path":"/Users/matt/Documents/projects/mongodb/compass-query-history-new/src/Plugin.js","statementMap":{"0":{"start":{"line":1,"column":0},"end":{"line":186,"column":2}},"1":{"start":{"line":2,"column":2},"end":{"line":2,"column":36}},"2":{"start":{"line":4,"column":2},"end":{"line":17,"column":7}},"3":{"start":{"line":5,"column":28},"end":{"line":5,"column":126}},"4":{"start":{"line":6,"column":31},"end":{"line":6,"column":56}},"5":{"start":{"line":7,"column":38},"end":{"line":9,"column":6}},"6":{"start":{"line":8,"column":6},"end":{"line":8,"column":58}},"7":{"start":{"line":11,"column":4},"end":{"line":16,"column":5}},"8":{"start":{"line":12,"column":36},"end":{"line":12,"column":73}},"9":{"start":{"line":13,"column":39},"end":{"line":13,"column":79}},"10":{"start":{"line":14,"column":38},"end":{"line":14,"column":85}},"11":{"start":{"line":15,"column":6},"end":{"line":15,"column":323}},"12":{"start":{"line":19,"column":15},"end":{"line":21,"column":3}},"13":{"start":{"line":22,"column":16},"end":{"line":22,"column":30}},"14":{"start":{"line":25,"column":4},"end":{"line":25,"column":85}},"15":{"start":{"line":28,"column":2},"end":{"line":183,"column":7}},"16":{"start":{"line":31,"column":4},"end":{"line":33,"column":7}},"17":{"start":{"line":34,"column":4},"end":{"line":34,"column":31}},"18":{"start":{"line":36,"column":19},"end":{"line":48,"column":5}},"19":{"start":{"line":37,"column":6},"end":{"line":45,"column":7}},"20":{"start":{"line":38,"column":21},"end":{"line":38,"column":33}},"21":{"start":{"line":40,"column":8},"end":{"line":44,"column":9}},"22":{"start":{"line":41,"column":10},"end":{"line":43,"column":11}},"23":{"start":{"line":42,"column":12},"end":{"line":42,"column":38}},"24":{"start":{"line":47,"column":6},"end":{"line":47,"column":20}},"25":{"start":{"line":50,"column":23},"end":{"line":66,"column":7}},"26":{"start":{"line":52,"column":8},"end":{"line":58,"column":9}},"27":{"start":{"line":53,"column":27},"end":{"line":53,"column":35}},"28":{"start":{"line":54,"column":10},"end":{"line":54,"column":65}},"29":{"start":{"line":55,"column":10},"end":{"line":55,"column":41}},"30":{"start":{"line":56,"column":10},"end":{"line":56,"column":64}},"31":{"start":{"line":56,"column":37},"end":{"line":56,"column":64}},"32":{"start":{"line":57,"column":10},"end":{"line":57,"column":68}},"33":{"start":{"line":61,"column":6},"end":{"line":65,"column":8}},"34":{"start":{"line":62,"column":8},"end":{"line":62,"column":76}},"35":{"start":{"line":62,"column":24},"end":{"line":62,"column":76}},"36":{"start":{"line":63,"column":8},"end":{"line":63,"column":68}},"37":{"start":{"line":63,"column":25},"end":{"line":63,"column":68}},"38":{"start":{"line":64,"column":8},"end":{"line":64,"column":27}},"39":{"start":{"line":68,"column":17},"end":{"line":68,"column":60}},"40":{"start":{"line":70,"column":18},"end":{"line":70,"column":48}},"41":{"start":{"line":72,"column":33},"end":{"line":72,"column":112}},"42":{"start":{"line":74,"column":19},"end":{"line":74,"column":88}},"43":{"start":{"line":76,"column":20},"end":{"line":76,"column":52}},"44":{"start":{"line":78,"column":18},"end":{"line":78,"column":63}},"45":{"start":{"line":80,"column":19},"end":{"line":80,"column":66}},"46":{"start":{"line":82,"column":20},"end":{"line":82,"column":52}},"47":{"start":{"line":85,"column":6},"end":{"line":87,"column":8}},"48":{"start":{"line":91,"column":6},"end":{"line":93,"column":7}},"49":{"start":{"line":92,"column":8},"end":{"line":92,"column":65}},"50":{"start":{"line":97,"column":6},"end":{"line":99,"column":7}},"51":{"start":{"line":98,"column":8},"end":{"line":98,"column":94}},"52":{"start":{"line":101,"column":6},"end":{"line":101,"column":92}},"53":{"start":{"line":105,"column":6},"end":{"line":107,"column":7}},"54":{"start":{"line":106,"column":8},"end":{"line":106,"column":108}},"55":{"start":{"line":109,"column":6},"end":{"line":116,"column":9}},"56":{"start":{"line":117,"column":6},"end":{"line":117,"column":124}},"57":{"start":{"line":117,"column":22},"end":{"line":117,"column":124}},"58":{"start":{"line":123,"column":4},"end":{"line":125,"column":5}},"59":{"start":{"line":124,"column":6},"end":{"line":124,"column":70}},"60":{"start":{"line":127,"column":17},"end":{"line":152,"column":23}},"61":{"start":{"line":128,"column":6},"end":{"line":128,"column":36}},"62":{"start":{"line":131,"column":8},"end":{"line":131,"column":38}},"63":{"start":{"line":133,"column":8},"end":{"line":133,"column":124}},"64":{"start":{"line":136,"column":6},"end":{"line":149,"column":10}},"65":{"start":{"line":143,"column":10},"end":{"line":147,"column":27}},"66":{"start":{"line":151,"column":6},"end":{"line":151,"column":20}},"67":{"start":{"line":154,"column":4},"end":{"line":154,"column":46}},"68":{"start":{"line":155,"column":19},"end":{"line":155,"column":25}},"69":{"start":{"line":156,"column":20},"end":{"line":156,"column":28}},"70":{"start":{"line":157,"column":4},"end":{"line":157,"column":32}},"71":{"start":{"line":158,"column":4},"end":{"line":158,"column":28}},"72":{"start":{"line":161,"column":16},"end":{"line":171,"column":7}},"73":{"start":{"line":162,"column":6},"end":{"line":164,"column":7}},"74":{"start":{"line":163,"column":8},"end":{"line":163,"column":15}},"75":{"start":{"line":166,"column":6},"end":{"line":166,"column":136}},"76":{"start":{"line":168,"column":6},"end":{"line":168,"column":139}},"77":{"start":{"line":170,"column":6},"end":{"line":170,"column":140}},"78":{"start":{"line":176,"column":17},"end":{"line":180,"column":7}},"79":{"start":{"line":177,"column":6},"end":{"line":179,"column":7}},"80":{"start":{"line":178,"column":8},"end":{"line":178,"column":15}},"81":{"start":{"line":185,"column":2},"end":{"line":185,"column":24}}},"fnMap":{"0":{"name":"__injector","decl":{"start":{"line":1,"column":26},"end":{"line":1,"column":36}},"loc":{"start":{"line":1,"column":51},"end":{"line":186,"column":1}},"line":1},"1":{"name":"__validateInjection","decl":{"start":{"line":4,"column":12},"end":{"line":4,"column":31}},"loc":{"start":{"line":4,"column":34},"end":{"line":17,"column":3}},"line":4},"2":{"name":"(anonymous_2)","decl":{"start":{"line":7,"column":66},"end":{"line":7,"column":67}},"loc":{"start":{"line":7,"column":88},"end":{"line":9,"column":5}},"line":7},"3":{"name":"__getInjection","decl":{"start":{"line":24,"column":11},"end":{"line":24,"column":25}},"loc":{"start":{"line":24,"column":38},"end":{"line":26,"column":3}},"line":24},"4":{"name":"(anonymous_4)","decl":{"start":{"line":28,"column":3},"end":{"line":28,"column":4}},"loc":{"start":{"line":28,"column":15},"end":{"line":183,"column":3}},"line":28},"5":{"name":"(anonymous_5)","decl":{"start":{"line":36,"column":36},"end":{"line":36,"column":37}},"loc":{"start":{"line":36,"column":54},"end":{"line":48,"column":5}},"line":36},"6":{"name":"(anonymous_6)","decl":{"start":{"line":50,"column":23},"end":{"line":50,"column":24}},"loc":{"start":{"line":50,"column":35},"end":{"line":66,"column":5}},"line":50},"7":{"name":"defineProperties","decl":{"start":{"line":51,"column":15},"end":{"line":51,"column":31}},"loc":{"start":{"line":51,"column":47},"end":{"line":59,"column":7}},"line":51},"8":{"name":"(anonymous_8)","decl":{"start":{"line":61,"column":13},"end":{"line":61,"column":14}},"loc":{"start":{"line":61,"column":61},"end":{"line":65,"column":7}},"line":61},"9":{"name":"_interopRequireDefault","decl":{"start":{"line":84,"column":13},"end":{"line":84,"column":35}},"loc":{"start":{"line":84,"column":41},"end":{"line":88,"column":5}},"line":84},"10":{"name":"_classCallCheck","decl":{"start":{"line":90,"column":13},"end":{"line":90,"column":28}},"loc":{"start":{"line":90,"column":52},"end":{"line":94,"column":5}},"line":90},"11":{"name":"_possibleConstructorReturn","decl":{"start":{"line":96,"column":13},"end":{"line":96,"column":39}},"loc":{"start":{"line":96,"column":52},"end":{"line":102,"column":5}},"line":96},"12":{"name":"_inherits","decl":{"start":{"line":104,"column":13},"end":{"line":104,"column":22}},"loc":{"start":{"line":104,"column":45},"end":{"line":118,"column":5}},"line":104},"13":{"name":"(anonymous_13)","decl":{"start":{"line":127,"column":17},"end":{"line":127,"column":18}},"loc":{"start":{"line":127,"column":39},"end":{"line":152,"column":5}},"line":127},"14":{"name":"Plugin","decl":{"start":{"line":130,"column":15},"end":{"line":130,"column":21}},"loc":{"start":{"line":130,"column":24},"end":{"line":134,"column":7}},"line":130},"15":{"name":"render","decl":{"start":{"line":142,"column":27},"end":{"line":142,"column":33}},"loc":{"start":{"line":142,"column":36},"end":{"line":148,"column":9}},"line":142},"16":{"name":"(anonymous_16)","decl":{"start":{"line":161,"column":16},"end":{"line":161,"column":17}},"loc":{"start":{"line":161,"column":28},"end":{"line":171,"column":5}},"line":161},"17":{"name":"(anonymous_17)","decl":{"start":{"line":176,"column":17},"end":{"line":176,"column":18}},"loc":{"start":{"line":176,"column":29},"end":{"line":180,"column":5}},"line":176}},"branchMap":{"0":{"loc":{"start":{"line":2,"column":17},"end":{"line":2,"column":35}},"type":"binary-expr","locations":[{"start":{"line":2,"column":17},"end":{"line":2,"column":29}},{"start":{"line":2,"column":33},"end":{"line":2,"column":35}}],"line":2},"1":{"loc":{"start":{"line":11,"column":4},"end":{"line":16,"column":5}},"type":"if","locations":[{"start":{"line":11,"column":4},"end":{"line":16,"column":5}},{"start":{"line":11,"column":4},"end":{"line":16,"column":5}}],"line":11},"2":{"loc":{"start":{"line":25,"column":11},"end":{"line":25,"column":84}},"type":"cond-expr","locations":[{"start":{"line":25,"column":53},"end":{"line":25,"column":77}},{"start":{"line":25,"column":80},"end":{"line":25,"column":84}}],"line":25},"3":{"loc":{"start":{"line":36,"column":19},"end":{"line":48,"column":5}},"type":"binary-expr","locations":[{"start":{"line":36,"column":19},"end":{"line":36,"column":32}},{"start":{"line":36,"column":36},"end":{"line":48,"column":5}}],"line":36},"4":{"loc":{"start":{"line":41,"column":10},"end":{"line":43,"column":11}},"type":"if","locations":[{"start":{"line":41,"column":10},"end":{"line":43,"column":11}},{"start":{"line":41,"column":10},"end":{"line":43,"column":11}}],"line":41},"5":{"loc":{"start":{"line":54,"column":34},"end":{"line":54,"column":64}},"type":"binary-expr","locations":[{"start":{"line":54,"column":34},"end":{"line":54,"column":55}},{"start":{"line":54,"column":59},"end":{"line":54,"column":64}}],"line":54},"6":{"loc":{"start":{"line":56,"column":10},"end":{"line":56,"column":64}},"type":"if","locations":[{"start":{"line":56,"column":10},"end":{"line":56,"column":64}},{"start":{"line":56,"column":10},"end":{"line":56,"column":64}}],"line":56},"7":{"loc":{"start":{"line":62,"column":8},"end":{"line":62,"column":76}},"type":"if","locations":[{"start":{"line":62,"column":8},"end":{"line":62,"column":76}},{"start":{"line":62,"column":8},"end":{"line":62,"column":76}}],"line":62},"8":{"loc":{"start":{"line":63,"column":8},"end":{"line":63,"column":68}},"type":"if","locations":[{"start":{"line":63,"column":8},"end":{"line":63,"column":68}},{"start":{"line":63,"column":8},"end":{"line":63,"column":68}}],"line":63},"9":{"loc":{"start":{"line":68,"column":17},"end":{"line":68,"column":60}},"type":"binary-expr","locations":[{"start":{"line":68,"column":17},"end":{"line":68,"column":40}},{"start":{"line":68,"column":44},"end":{"line":68,"column":60}}],"line":68},"10":{"loc":{"start":{"line":72,"column":33},"end":{"line":72,"column":112}},"type":"binary-expr","locations":[{"start":{"line":72,"column":33},"end":{"line":72,"column":74}},{"start":{"line":72,"column":78},"end":{"line":72,"column":112}}],"line":72},"11":{"loc":{"start":{"line":74,"column":19},"end":{"line":74,"column":88}},"type":"binary-expr","locations":[{"start":{"line":74,"column":19},"end":{"line":74,"column":55}},{"start":{"line":74,"column":59},"end":{"line":74,"column":88}}],"line":74},"12":{"loc":{"start":{"line":78,"column":18},"end":{"line":78,"column":63}},"type":"binary-expr","locations":[{"start":{"line":78,"column":18},"end":{"line":78,"column":42}},{"start":{"line":78,"column":46},"end":{"line":78,"column":63}}],"line":78},"13":{"loc":{"start":{"line":80,"column":19},"end":{"line":80,"column":66}},"type":"binary-expr","locations":[{"start":{"line":80,"column":19},"end":{"line":80,"column":44}},{"start":{"line":80,"column":48},"end":{"line":80,"column":66}}],"line":80},"14":{"loc":{"start":{"line":85,"column":13},"end":{"line":87,"column":7}},"type":"cond-expr","locations":[{"start":{"line":85,"column":37},"end":{"line":85,"column":40}},{"start":{"line":85,"column":43},"end":{"line":87,"column":7}}],"line":85},"15":{"loc":{"start":{"line":85,"column":13},"end":{"line":85,"column":34}},"type":"binary-expr","locations":[{"start":{"line":85,"column":13},"end":{"line":85,"column":16}},{"start":{"line":85,"column":20},"end":{"line":85,"column":34}}],"line":85},"16":{"loc":{"start":{"line":91,"column":6},"end":{"line":93,"column":7}},"type":"if","locations":[{"start":{"line":91,"column":6},"end":{"line":93,"column":7}},{"start":{"line":91,"column":6},"end":{"line":93,"column":7}}],"line":91},"17":{"loc":{"start":{"line":97,"column":6},"end":{"line":99,"column":7}},"type":"if","locations":[{"start":{"line":97,"column":6},"end":{"line":99,"column":7}},{"start":{"line":97,"column":6},"end":{"line":99,"column":7}}],"line":97},"18":{"loc":{"start":{"line":101,"column":13},"end":{"line":101,"column":91}},"type":"cond-expr","locations":[{"start":{"line":101,"column":80},"end":{"line":101,"column":84}},{"start":{"line":101,"column":87},"end":{"line":101,"column":91}}],"line":101},"19":{"loc":{"start":{"line":101,"column":13},"end":{"line":101,"column":77}},"type":"binary-expr","locations":[{"start":{"line":101,"column":13},"end":{"line":101,"column":17}},{"start":{"line":101,"column":22},"end":{"line":101,"column":46}},{"start":{"line":101,"column":50},"end":{"line":101,"column":76}}],"line":101},"20":{"loc":{"start":{"line":105,"column":6},"end":{"line":107,"column":7}},"type":"if","locations":[{"start":{"line":105,"column":6},"end":{"line":107,"column":7}},{"start":{"line":105,"column":6},"end":{"line":107,"column":7}}],"line":105},"21":{"loc":{"start":{"line":105,"column":10},"end":{"line":105,"column":65}},"type":"binary-expr","locations":[{"start":{"line":105,"column":10},"end":{"line":105,"column":42}},{"start":{"line":105,"column":46},"end":{"line":105,"column":65}}],"line":105},"22":{"loc":{"start":{"line":109,"column":41},"end":{"line":109,"column":75}},"type":"binary-expr","locations":[{"start":{"line":109,"column":41},"end":{"line":109,"column":51}},{"start":{"line":109,"column":55},"end":{"line":109,"column":75}}],"line":109},"23":{"loc":{"start":{"line":117,"column":6},"end":{"line":117,"column":124}},"type":"if","locations":[{"start":{"line":117,"column":6},"end":{"line":117,"column":124}},{"start":{"line":117,"column":6},"end":{"line":117,"column":124}}],"line":117},"24":{"loc":{"start":{"line":117,"column":22},"end":{"line":117,"column":123}},"type":"cond-expr","locations":[{"start":{"line":117,"column":46},"end":{"line":117,"column":89}},{"start":{"line":117,"column":92},"end":{"line":117,"column":123}}],"line":117},"25":{"loc":{"start":{"line":123,"column":4},"end":{"line":125,"column":5}},"type":"if","locations":[{"start":{"line":123,"column":4},"end":{"line":125,"column":5}},{"start":{"line":123,"column":4},"end":{"line":125,"column":5}}],"line":123},"26":{"loc":{"start":{"line":124,"column":6},"end":{"line":124,"column":69}},"type":"binary-expr","locations":[{"start":{"line":124,"column":6},"end":{"line":124,"column":39}},{"start":{"line":124,"column":43},"end":{"line":124,"column":69}}],"line":124},"27":{"loc":{"start":{"line":133,"column":49},"end":{"line":133,"column":98}},"type":"binary-expr","locations":[{"start":{"line":133,"column":49},"end":{"line":133,"column":65}},{"start":{"line":133,"column":69},"end":{"line":133,"column":98}}],"line":133},"28":{"loc":{"start":{"line":162,"column":6},"end":{"line":164,"column":7}},"type":"if","locations":[{"start":{"line":162,"column":6},"end":{"line":164,"column":7}},{"start":{"line":162,"column":6},"end":{"line":164,"column":7}}],"line":162},"29":{"loc":{"start":{"line":177,"column":6},"end":{"line":179,"column":7}},"type":"if","locations":[{"start":{"line":177,"column":6},"end":{"line":179,"column":7}},{"start":{"line":177,"column":6},"end":{"line":179,"column":7}}],"line":177}},"s":{"0":1,"1":1,"2":1,"3":1,"4":1,"5":1,"6":2,"7":1,"8":0,"9":0,"10":0,"11":0,"12":1,"13":1,"14":5,"15":1,"16":1,"17":1,"18":1,"19":0,"20":0,"21":0,"22":0,"23":0,"24":0,"25":1,"26":1,"27":1,"28":1,"29":1,"30":1,"31":1,"32":1,"33":1,"34":1,"35":1,"36":1,"37":0,"38":1,"39":1,"40":1,"41":1,"42":1,"43":1,"44":1,"45":1,"46":1,"47":3,"48":1,"49":0,"50":1,"51":0,"52":1,"53":1,"54":0,"55":1,"56":1,"57":1,"58":1,"59":0,"60":1,"61":1,"62":1,"63":1,"64":1,"65":1,"66":1,"67":1,"68":1,"69":1,"70":1,"71":1,"72":1,"73":1,"74":1,"75":0,"76":0,"77":0,"78":1,"79":1,"80":1,"81":1},"f":{"0":1,"1":1,"2":2,"3":5,"4":1,"5":0,"6":1,"7":1,"8":1,"9":3,"10":1,"11":1,"12":1,"13":1,"14":1,"15":1,"16":1,"17":1},"b":{"0":[1,0],"1":[0,1],"2":[2,3],"3":[1,0],"4":[0,0],"5":[1,1],"6":[1,0],"7":[1,0],"8":[0,1],"9":[1,1],"10":[1,1],"11":[1,0],"12":[1,0],"13":[1,1],"14":[1,2],"15":[3,3],"16":[0,1],"17":[0,1],"18":[0,1],"19":[1,0,0],"20":[0,1],"21":[1,0],"22":[1,1],"23":[1,0],"24":[1,0],"25":[0,1],"26":[0,0],"27":[1,0],"28":[1,0],"29":[1,0]},"inputSourceMap":null,"_coverageSchema":"332fd63041d2c1bcb487cc26dd0d5f7d97098a6c","hash":"8e84e34c8849eb3d893e1ffeaf1db5fb61c2e522"}}